2025-08-13T20:29:15.150+09:00  INFO 13196 --- [MySpringBootLab] [SpringApplicationShutdownHook] o.s.b.w.e.tomcat.GracefulShutdown        : Commencing graceful shutdown. Waiting for active requests to complete
2025-08-13T20:29:15.401+09:00  INFO 13196 --- [MySpringBootLab] [tomcat-shutdown] o.s.b.w.e.tomcat.GracefulShutdown        : Graceful shutdown complete
2025-08-13T20:29:15.403+09:00  INFO 13196 --- [MySpringBootLab] [SpringApplicationShutdownHook] j.LocalContainerEntityManagerFactoryBean : Closing JPA EntityManagerFactory for persistence unit 'default'
2025-08-13T20:29:15.403+09:00  WARN 13196 --- [MySpringBootLab] [SpringApplicationShutdownHook] o.s.b.f.support.DisposableBeanAdapter    : Invocation of destroy method failed on bean with name 'inMemoryDatabaseShutdownExecutor': org.h2.jdbc.JdbcSQLNonTransientConnectionException: Database is already closed (to disable automatic closing at VM shutdown, add ";DB_CLOSE_ON_EXIT=FALSE" to the db URL) [90121-232]
2025-08-13T20:29:15.403+09:00  INFO 13196 --- [MySpringBootLab] [SpringApplicationShutdownHook] com.zaxxer.hikari.HikariDataSource       : HikariPool-9 - Shutdown initiated...
2025-08-13T20:29:15.403+09:00  INFO 13196 --- [MySpringBootLab] [SpringApplicationShutdownHook] com.zaxxer.hikari.HikariDataSource       : HikariPool-9 - Shutdown completed.
2025-08-13T20:29:17.137+09:00  INFO 16200 --- [MySpringBootLab] [restartedMain] c.r.M.MySpringBootLabApplication         : Starting MySpringBootLabApplication using Java 17.0.2 with PID 16200 (C:\mybackend\SpringBoot_practice\MySpringBootLab\MySpringBootLab\target\classes started by winds in C:\mybackend\SpringBoot_practice\MySpringBootLab\MySpringBootLab)
2025-08-13T20:29:17.140+09:00  INFO 16200 --- [MySpringBootLab] [restartedMain] c.r.M.MySpringBootLabApplication         : The following 1 profile is active: "prod"
2025-08-13T20:29:17.216+09:00  INFO 16200 --- [MySpringBootLab] [restartedMain] .e.DevToolsPropertyDefaultsPostProcessor : Devtools property defaults active! Set 'spring.devtools.add-properties' to 'false' to disable
2025-08-13T20:29:17.216+09:00  INFO 16200 --- [MySpringBootLab] [restartedMain] .e.DevToolsPropertyDefaultsPostProcessor : For additional web related logging consider setting the 'logging.level.web' property to 'DEBUG'
2025-08-13T20:29:18.336+09:00  INFO 16200 --- [MySpringBootLab] [restartedMain] .s.d.r.c.RepositoryConfigurationDelegate : Bootstrapping Spring Data JPA repositories in DEFAULT mode.
2025-08-13T20:29:18.356+09:00  INFO 16200 --- [MySpringBootLab] [restartedMain] .s.d.r.c.RepositoryConfigurationDelegate : Finished Spring Data repository scanning in 12 ms. Found 0 JPA repository interfaces.
2025-08-13T20:29:19.108+09:00  INFO 16200 --- [MySpringBootLab] [restartedMain] o.s.b.w.embedded.tomcat.TomcatWebServer  : Tomcat initialized with port 8080 (http)
2025-08-13T20:29:19.120+09:00  INFO 16200 --- [MySpringBootLab] [restartedMain] o.apache.catalina.core.StandardService   : Starting service [Tomcat]
2025-08-13T20:29:19.121+09:00  INFO 16200 --- [MySpringBootLab] [restartedMain] o.apache.catalina.core.StandardEngine    : Starting Servlet engine: [Apache Tomcat/10.1.43]
2025-08-13T20:29:19.180+09:00  INFO 16200 --- [MySpringBootLab] [restartedMain] o.a.c.c.C.[Tomcat].[localhost].[/]       : Initializing Spring embedded WebApplicationContext
2025-08-13T20:29:19.180+09:00  INFO 16200 --- [MySpringBootLab] [restartedMain] w.s.c.ServletWebServerApplicationContext : Root WebApplicationContext: initialization completed in 1963 ms
2025-08-13T20:29:19.520+09:00  INFO 16200 --- [MySpringBootLab] [restartedMain] com.zaxxer.hikari.HikariDataSource       : HikariPool-1 - Starting...
2025-08-13T20:29:19.784+09:00  INFO 16200 --- [MySpringBootLab] [restartedMain] com.zaxxer.hikari.pool.HikariPool        : HikariPool-1 - Added connection conn0: url=jdbc:h2:mem:41066f52-3ebc-48e2-959c-4c9f494eb087 user=SA
2025-08-13T20:29:19.786+09:00  INFO 16200 --- [MySpringBootLab] [restartedMain] com.zaxxer.hikari.HikariDataSource       : HikariPool-1 - Start completed.
2025-08-13T20:29:19.832+09:00  INFO 16200 --- [MySpringBootLab] [restartedMain] o.hibernate.jpa.internal.util.LogHelper  : HHH000204: Processing PersistenceUnitInfo [name: default]
2025-08-13T20:29:19.908+09:00  INFO 16200 --- [MySpringBootLab] [restartedMain] org.hibernate.Version                    : HHH000412: Hibernate ORM core version 6.6.22.Final
2025-08-13T20:29:19.969+09:00  INFO 16200 --- [MySpringBootLab] [restartedMain] o.h.c.internal.RegionFactoryInitiator    : HHH000026: Second-level cache disabled
2025-08-13T20:29:20.265+09:00  INFO 16200 --- [MySpringBootLab] [restartedMain] o.s.o.j.p.SpringPersistenceUnitInfo      : No LoadTimeWeaver setup: ignoring JPA class transformer
2025-08-13T20:29:20.341+09:00  INFO 16200 --- [MySpringBootLab] [restartedMain] org.hibernate.orm.connections.pooling    : HHH10001005: Database info:
	Database JDBC URL [Connecting through datasource 'HikariDataSource (HikariPool-1)']
	Database driver: undefined/unknown
	Database version: 2.3.232
	Autocommit mode: undefined/unknown
	Isolation level: undefined/unknown
	Minimum pool size: undefined/unknown
	Maximum pool size: undefined/unknown
2025-08-13T20:29:20.610+09:00  INFO 16200 --- [MySpringBootLab] [restartedMain] o.h.e.t.j.p.i.JtaPlatformInitiator       : HHH000489: No JTA platform available (set 'hibernate.transaction.jta.platform' to enable JTA platform integration)
2025-08-13T20:29:20.615+09:00  INFO 16200 --- [MySpringBootLab] [restartedMain] j.LocalContainerEntityManagerFactoryBean : Initialized JPA EntityManagerFactory for persistence unit 'default'
2025-08-13T20:29:20.672+09:00  WARN 16200 --- [MySpringBootLab] [restartedMain] JpaBaseConfiguration$JpaWebConfiguration : spring.jpa.open-in-view is enabled by default. Therefore, database queries may be performed during view rendering. Explicitly configure spring.jpa.open-in-view to disable this warning
2025-08-13T20:29:21.179+09:00  WARN 16200 --- [MySpringBootLab] [restartedMain] ion$DefaultTemplateResolverConfiguration : Cannot find template location: classpath:/templates/ (please add some templates, check your Thymeleaf configuration, or set spring.thymeleaf.check-template-location=false)
2025-08-13T20:29:21.803+09:00  INFO 16200 --- [MySpringBootLab] [restartedMain] o.s.b.a.h2.H2ConsoleAutoConfiguration    : H2 console available at '/h2-console'. Database available at 'jdbc:h2:mem:41066f52-3ebc-48e2-959c-4c9f494eb087'
2025-08-13T20:29:21.869+09:00  INFO 16200 --- [MySpringBootLab] [restartedMain] o.s.b.d.a.OptionalLiveReloadServer       : LiveReload server is running on port 35729
2025-08-13T20:29:21.880+09:00  INFO 16200 --- [MySpringBootLab] [restartedMain] o.s.b.a.e.web.EndpointLinksResolver      : Exposing 1 endpoint beneath base path '/actuator'
2025-08-13T20:29:22.060+09:00  INFO 16200 --- [MySpringBootLab] [restartedMain] o.s.b.w.embedded.tomcat.TomcatWebServer  : Tomcat started on port 8080 (http) with context path '/'
2025-08-13T20:29:22.082+09:00  INFO 16200 --- [MySpringBootLab] [restartedMain] c.r.M.MySpringBootLabApplication         : Started MySpringBootLabApplication in 5.469 seconds (process running for 5.95)
2025-08-13T20:29:22.151+09:00  INFO 16200 --- [MySpringBootLab] [restartedMain] c.r.MySpringBootLab.Runner.MyPropRunner  : properties.getMode = 운영환경
2025-08-13T20:29:46.768+09:00  INFO 16200 --- [MySpringBootLab] [SpringApplicationShutdownHook] o.s.b.w.e.tomcat.GracefulShutdown        : Commencing graceful shutdown. Waiting for active requests to complete
2025-08-13T20:29:47.021+09:00  INFO 16200 --- [MySpringBootLab] [tomcat-shutdown] o.s.b.w.e.tomcat.GracefulShutdown        : Graceful shutdown complete
2025-08-13T20:29:47.025+09:00  INFO 16200 --- [MySpringBootLab] [SpringApplicationShutdownHook] j.LocalContainerEntityManagerFactoryBean : Closing JPA EntityManagerFactory for persistence unit 'default'
2025-08-13T20:29:47.032+09:00  WARN 16200 --- [MySpringBootLab] [SpringApplicationShutdownHook] o.s.b.f.support.DisposableBeanAdapter    : Invocation of destroy method failed on bean with name 'inMemoryDatabaseShutdownExecutor': org.h2.jdbc.JdbcSQLNonTransientConnectionException: Database is already closed (to disable automatic closing at VM shutdown, add ";DB_CLOSE_ON_EXIT=FALSE" to the db URL) [90121-232]
2025-08-13T20:29:47.033+09:00  INFO 16200 --- [MySpringBootLab] [SpringApplicationShutdownHook] com.zaxxer.hikari.HikariDataSource       : HikariPool-1 - Shutdown initiated...
2025-08-13T20:29:47.034+09:00  INFO 16200 --- [MySpringBootLab] [SpringApplicationShutdownHook] com.zaxxer.hikari.HikariDataSource       : HikariPool-1 - Shutdown completed.
2025-08-13T20:29:49.168+09:00  INFO 9308 --- [MySpringBootLab] [restartedMain] c.r.M.MySpringBootLabApplication         : Starting MySpringBootLabApplication using Java 17.0.2 with PID 9308 (C:\mybackend\SpringBoot_practice\MySpringBootLab\MySpringBootLab\target\classes started by winds in C:\mybackend\SpringBoot_practice\MySpringBootLab\MySpringBootLab)
2025-08-13T20:29:49.170+09:00 DEBUG 9308 --- [MySpringBootLab] [restartedMain] c.r.M.MySpringBootLabApplication         : Running with Spring Boot v3.4.8, Spring v6.2.9
2025-08-13T20:29:49.170+09:00  INFO 9308 --- [MySpringBootLab] [restartedMain] c.r.M.MySpringBootLabApplication         : The following 1 profile is active: "test"
2025-08-13T20:29:49.231+09:00  INFO 9308 --- [MySpringBootLab] [restartedMain] .e.DevToolsPropertyDefaultsPostProcessor : Devtools property defaults active! Set 'spring.devtools.add-properties' to 'false' to disable
2025-08-13T20:29:49.231+09:00  INFO 9308 --- [MySpringBootLab] [restartedMain] .e.DevToolsPropertyDefaultsPostProcessor : For additional web related logging consider setting the 'logging.level.web' property to 'DEBUG'
2025-08-13T20:29:50.316+09:00  INFO 9308 --- [MySpringBootLab] [restartedMain] .s.d.r.c.RepositoryConfigurationDelegate : Bootstrapping Spring Data JPA repositories in DEFAULT mode.
2025-08-13T20:29:50.338+09:00  INFO 9308 --- [MySpringBootLab] [restartedMain] .s.d.r.c.RepositoryConfigurationDelegate : Finished Spring Data repository scanning in 12 ms. Found 0 JPA repository interfaces.
2025-08-13T20:29:50.990+09:00  INFO 9308 --- [MySpringBootLab] [restartedMain] o.s.b.w.embedded.tomcat.TomcatWebServer  : Tomcat initialized with port 8080 (http)
2025-08-13T20:29:51.015+09:00  INFO 9308 --- [MySpringBootLab] [restartedMain] o.apache.catalina.core.StandardService   : Starting service [Tomcat]
2025-08-13T20:29:51.015+09:00  INFO 9308 --- [MySpringBootLab] [restartedMain] o.apache.catalina.core.StandardEngine    : Starting Servlet engine: [Apache Tomcat/10.1.43]
2025-08-13T20:29:51.085+09:00  INFO 9308 --- [MySpringBootLab] [restartedMain] o.a.c.c.C.[Tomcat].[localhost].[/]       : Initializing Spring embedded WebApplicationContext
2025-08-13T20:29:51.086+09:00  INFO 9308 --- [MySpringBootLab] [restartedMain] w.s.c.ServletWebServerApplicationContext : Root WebApplicationContext: initialization completed in 1854 ms
2025-08-13T20:29:51.465+09:00  INFO 9308 --- [MySpringBootLab] [restartedMain] com.zaxxer.hikari.HikariDataSource       : HikariPool-1 - Starting...
2025-08-13T20:29:51.731+09:00  INFO 9308 --- [MySpringBootLab] [restartedMain] com.zaxxer.hikari.pool.HikariPool        : HikariPool-1 - Added connection conn0: url=jdbc:h2:mem:8150d55f-fa58-467b-9e9f-881b1b82a884 user=SA
2025-08-13T20:29:51.732+09:00  INFO 9308 --- [MySpringBootLab] [restartedMain] com.zaxxer.hikari.HikariDataSource       : HikariPool-1 - Start completed.
2025-08-13T20:29:51.800+09:00  INFO 9308 --- [MySpringBootLab] [restartedMain] o.hibernate.jpa.internal.util.LogHelper  : HHH000204: Processing PersistenceUnitInfo [name: default]
2025-08-13T20:29:51.877+09:00  INFO 9308 --- [MySpringBootLab] [restartedMain] org.hibernate.Version                    : HHH000412: Hibernate ORM core version 6.6.22.Final
2025-08-13T20:29:51.928+09:00  INFO 9308 --- [MySpringBootLab] [restartedMain] o.h.c.internal.RegionFactoryInitiator    : HHH000026: Second-level cache disabled
2025-08-13T20:29:52.237+09:00  INFO 9308 --- [MySpringBootLab] [restartedMain] o.s.o.j.p.SpringPersistenceUnitInfo      : No LoadTimeWeaver setup: ignoring JPA class transformer
2025-08-13T20:29:52.313+09:00  INFO 9308 --- [MySpringBootLab] [restartedMain] org.hibernate.orm.connections.pooling    : HHH10001005: Database info:
	Database JDBC URL [Connecting through datasource 'HikariDataSource (HikariPool-1)']
	Database driver: undefined/unknown
	Database version: 2.3.232
	Autocommit mode: undefined/unknown
	Isolation level: undefined/unknown
	Minimum pool size: undefined/unknown
	Maximum pool size: undefined/unknown
2025-08-13T20:29:52.583+09:00  INFO 9308 --- [MySpringBootLab] [restartedMain] o.h.e.t.j.p.i.JtaPlatformInitiator       : HHH000489: No JTA platform available (set 'hibernate.transaction.jta.platform' to enable JTA platform integration)
2025-08-13T20:29:52.588+09:00  INFO 9308 --- [MySpringBootLab] [restartedMain] j.LocalContainerEntityManagerFactoryBean : Initialized JPA EntityManagerFactory for persistence unit 'default'
2025-08-13T20:29:52.645+09:00  WARN 9308 --- [MySpringBootLab] [restartedMain] JpaBaseConfiguration$JpaWebConfiguration : spring.jpa.open-in-view is enabled by default. Therefore, database queries may be performed during view rendering. Explicitly configure spring.jpa.open-in-view to disable this warning
2025-08-13T20:29:53.217+09:00  WARN 9308 --- [MySpringBootLab] [restartedMain] ion$DefaultTemplateResolverConfiguration : Cannot find template location: classpath:/templates/ (please add some templates, check your Thymeleaf configuration, or set spring.thymeleaf.check-template-location=false)
2025-08-13T20:29:53.851+09:00  INFO 9308 --- [MySpringBootLab] [restartedMain] o.s.b.a.h2.H2ConsoleAutoConfiguration    : H2 console available at '/h2-console'. Database available at 'jdbc:h2:mem:8150d55f-fa58-467b-9e9f-881b1b82a884'
2025-08-13T20:29:53.930+09:00  INFO 9308 --- [MySpringBootLab] [restartedMain] o.s.b.d.a.OptionalLiveReloadServer       : LiveReload server is running on port 35729
2025-08-13T20:29:53.943+09:00  INFO 9308 --- [MySpringBootLab] [restartedMain] o.s.b.a.e.web.EndpointLinksResolver      : Exposing 1 endpoint beneath base path '/actuator'
2025-08-13T20:29:54.088+09:00  INFO 9308 --- [MySpringBootLab] [restartedMain] o.s.b.w.embedded.tomcat.TomcatWebServer  : Tomcat started on port 8080 (http) with context path '/'
2025-08-13T20:29:54.107+09:00  INFO 9308 --- [MySpringBootLab] [restartedMain] c.r.M.MySpringBootLabApplication         : Started MySpringBootLabApplication in 5.469 seconds (process running for 6.036)
2025-08-13T20:29:54.123+09:00 DEBUG 9308 --- [MySpringBootLab] [restartedMain] c.r.MySpringBootLab.Runner.MyPropRunner  : 지금 활성화된 MOD bean : ch.qos.logback.classic.Logger
2025-08-13T20:29:54.124+09:00  INFO 9308 --- [MySpringBootLab] [restartedMain] c.r.MySpringBootLab.Runner.MyPropRunner  : properties.getMode = 개발환경
2025-08-13T20:31:30.934+09:00  INFO 9308 --- [MySpringBootLab] [SpringApplicationShutdownHook] o.s.b.w.e.tomcat.GracefulShutdown        : Commencing graceful shutdown. Waiting for active requests to complete
2025-08-13T20:31:31.176+09:00  INFO 9308 --- [MySpringBootLab] [tomcat-shutdown] o.s.b.w.e.tomcat.GracefulShutdown        : Graceful shutdown complete
2025-08-13T20:31:31.179+09:00  INFO 9308 --- [MySpringBootLab] [SpringApplicationShutdownHook] j.LocalContainerEntityManagerFactoryBean : Closing JPA EntityManagerFactory for persistence unit 'default'
2025-08-13T20:31:31.186+09:00  WARN 9308 --- [MySpringBootLab] [SpringApplicationShutdownHook] o.s.b.f.support.DisposableBeanAdapter    : Invocation of destroy method failed on bean with name 'inMemoryDatabaseShutdownExecutor': org.h2.jdbc.JdbcSQLNonTransientConnectionException: Database is already closed (to disable automatic closing at VM shutdown, add ";DB_CLOSE_ON_EXIT=FALSE" to the db URL) [90121-232]
2025-08-13T20:31:31.186+09:00  INFO 9308 --- [MySpringBootLab] [SpringApplicationShutdownHook] com.zaxxer.hikari.HikariDataSource       : HikariPool-1 - Shutdown initiated...
2025-08-13T20:31:31.188+09:00  INFO 9308 --- [MySpringBootLab] [SpringApplicationShutdownHook] com.zaxxer.hikari.HikariDataSource       : HikariPool-1 - Shutdown completed.
2025-08-13T20:31:34.420+09:00  INFO 29256 --- [MySpringBootLab] [restartedMain] c.r.M.MySpringBootLabApplication         : Starting MySpringBootLabApplication using Java 17.0.2 with PID 29256 (C:\mybackend\SpringBoot_practice\MySpringBootLab\MySpringBootLab\target\classes started by winds in C:\mybackend\SpringBoot_practice\MySpringBootLab\MySpringBootLab)
2025-08-13T20:31:34.424+09:00 DEBUG 29256 --- [MySpringBootLab] [restartedMain] c.r.M.MySpringBootLabApplication         : Running with Spring Boot v3.4.8, Spring v6.2.9
2025-08-13T20:31:34.425+09:00  INFO 29256 --- [MySpringBootLab] [restartedMain] c.r.M.MySpringBootLabApplication         : The following 1 profile is active: "test"
2025-08-13T20:31:34.494+09:00  INFO 29256 --- [MySpringBootLab] [restartedMain] .e.DevToolsPropertyDefaultsPostProcessor : Devtools property defaults active! Set 'spring.devtools.add-properties' to 'false' to disable
2025-08-13T20:31:34.494+09:00  INFO 29256 --- [MySpringBootLab] [restartedMain] .e.DevToolsPropertyDefaultsPostProcessor : For additional web related logging consider setting the 'logging.level.web' property to 'DEBUG'
2025-08-13T20:31:35.593+09:00  INFO 29256 --- [MySpringBootLab] [restartedMain] .s.d.r.c.RepositoryConfigurationDelegate : Bootstrapping Spring Data JPA repositories in DEFAULT mode.
2025-08-13T20:31:35.617+09:00  INFO 29256 --- [MySpringBootLab] [restartedMain] .s.d.r.c.RepositoryConfigurationDelegate : Finished Spring Data repository scanning in 15 ms. Found 0 JPA repository interfaces.
2025-08-13T20:31:36.418+09:00  INFO 29256 --- [MySpringBootLab] [restartedMain] o.s.b.w.embedded.tomcat.TomcatWebServer  : Tomcat initialized with port 8080 (http)
2025-08-13T20:31:36.442+09:00  INFO 29256 --- [MySpringBootLab] [restartedMain] o.apache.catalina.core.StandardService   : Starting service [Tomcat]
2025-08-13T20:31:36.442+09:00  INFO 29256 --- [MySpringBootLab] [restartedMain] o.apache.catalina.core.StandardEngine    : Starting Servlet engine: [Apache Tomcat/10.1.43]
2025-08-13T20:31:36.514+09:00  INFO 29256 --- [MySpringBootLab] [restartedMain] o.a.c.c.C.[Tomcat].[localhost].[/]       : Initializing Spring embedded WebApplicationContext
2025-08-13T20:31:36.516+09:00  INFO 29256 --- [MySpringBootLab] [restartedMain] w.s.c.ServletWebServerApplicationContext : Root WebApplicationContext: initialization completed in 2022 ms
2025-08-13T20:31:36.956+09:00  INFO 29256 --- [MySpringBootLab] [restartedMain] com.zaxxer.hikari.HikariDataSource       : HikariPool-1 - Starting...
2025-08-13T20:31:37.254+09:00  INFO 29256 --- [MySpringBootLab] [restartedMain] com.zaxxer.hikari.pool.HikariPool        : HikariPool-1 - Added connection conn0: url=jdbc:h2:mem:9e3385d0-5483-4542-b131-fd1ac08dea3c user=SA
2025-08-13T20:31:37.256+09:00  INFO 29256 --- [MySpringBootLab] [restartedMain] com.zaxxer.hikari.HikariDataSource       : HikariPool-1 - Start completed.
2025-08-13T20:31:37.308+09:00  INFO 29256 --- [MySpringBootLab] [restartedMain] o.hibernate.jpa.internal.util.LogHelper  : HHH000204: Processing PersistenceUnitInfo [name: default]
2025-08-13T20:31:37.372+09:00  INFO 29256 --- [MySpringBootLab] [restartedMain] org.hibernate.Version                    : HHH000412: Hibernate ORM core version 6.6.22.Final
2025-08-13T20:31:37.408+09:00  INFO 29256 --- [MySpringBootLab] [restartedMain] o.h.c.internal.RegionFactoryInitiator    : HHH000026: Second-level cache disabled
2025-08-13T20:31:37.673+09:00  INFO 29256 --- [MySpringBootLab] [restartedMain] o.s.o.j.p.SpringPersistenceUnitInfo      : No LoadTimeWeaver setup: ignoring JPA class transformer
2025-08-13T20:31:37.750+09:00  INFO 29256 --- [MySpringBootLab] [restartedMain] org.hibernate.orm.connections.pooling    : HHH10001005: Database info:
	Database JDBC URL [Connecting through datasource 'HikariDataSource (HikariPool-1)']
	Database driver: undefined/unknown
	Database version: 2.3.232
	Autocommit mode: undefined/unknown
	Isolation level: undefined/unknown
	Minimum pool size: undefined/unknown
	Maximum pool size: undefined/unknown
2025-08-13T20:31:38.040+09:00  INFO 29256 --- [MySpringBootLab] [restartedMain] o.h.e.t.j.p.i.JtaPlatformInitiator       : HHH000489: No JTA platform available (set 'hibernate.transaction.jta.platform' to enable JTA platform integration)
2025-08-13T20:31:38.045+09:00  INFO 29256 --- [MySpringBootLab] [restartedMain] j.LocalContainerEntityManagerFactoryBean : Initialized JPA EntityManagerFactory for persistence unit 'default'
2025-08-13T20:31:38.090+09:00  WARN 29256 --- [MySpringBootLab] [restartedMain] JpaBaseConfiguration$JpaWebConfiguration : spring.jpa.open-in-view is enabled by default. Therefore, database queries may be performed during view rendering. Explicitly configure spring.jpa.open-in-view to disable this warning
2025-08-13T20:31:38.538+09:00  WARN 29256 --- [MySpringBootLab] [restartedMain] ion$DefaultTemplateResolverConfiguration : Cannot find template location: classpath:/templates/ (please add some templates, check your Thymeleaf configuration, or set spring.thymeleaf.check-template-location=false)
2025-08-13T20:31:39.115+09:00  INFO 29256 --- [MySpringBootLab] [restartedMain] o.s.b.a.h2.H2ConsoleAutoConfiguration    : H2 console available at '/h2-console'. Database available at 'jdbc:h2:mem:9e3385d0-5483-4542-b131-fd1ac08dea3c'
2025-08-13T20:31:39.178+09:00  INFO 29256 --- [MySpringBootLab] [restartedMain] o.s.b.d.a.OptionalLiveReloadServer       : LiveReload server is running on port 35729
2025-08-13T20:31:39.189+09:00  INFO 29256 --- [MySpringBootLab] [restartedMain] o.s.b.a.e.web.EndpointLinksResolver      : Exposing 1 endpoint beneath base path '/actuator'
2025-08-13T20:31:39.367+09:00  INFO 29256 --- [MySpringBootLab] [restartedMain] o.s.b.w.embedded.tomcat.TomcatWebServer  : Tomcat started on port 8080 (http) with context path '/'
2025-08-13T20:31:39.388+09:00  INFO 29256 --- [MySpringBootLab] [restartedMain] c.r.M.MySpringBootLabApplication         : Started MySpringBootLabApplication in 5.502 seconds (process running for 6.032)
2025-08-13T20:31:39.409+09:00 DEBUG 29256 --- [MySpringBootLab] [restartedMain] c.r.MySpringBootLab.Runner.MyPropRunner  : 지금 활성화된 MOD bean : ch.qos.logback.classic.Logger
2025-08-13T20:31:39.409+09:00  INFO 29256 --- [MySpringBootLab] [restartedMain] c.r.MySpringBootLab.Runner.MyPropRunner  : properties.getMode = com.rookies4.MySpringBootLab.enviroment.MyEnvironment
2025-08-13T20:32:09.080+09:00  INFO 29256 --- [MySpringBootLab] [File Watcher] rtingClassPathChangeChangedEventListener : Restarting due to 1 class path change (0 additions, 1 deletion, 0 modifications)
2025-08-13T20:32:09.084+09:00  INFO 29256 --- [MySpringBootLab] [Thread-5] o.s.b.w.e.tomcat.GracefulShutdown        : Commencing graceful shutdown. Waiting for active requests to complete
2025-08-13T20:32:09.397+09:00  INFO 29256 --- [MySpringBootLab] [tomcat-shutdown] o.s.b.w.e.tomcat.GracefulShutdown        : Graceful shutdown complete
2025-08-13T20:32:09.400+09:00  INFO 29256 --- [MySpringBootLab] [Thread-5] j.LocalContainerEntityManagerFactoryBean : Closing JPA EntityManagerFactory for persistence unit 'default'
2025-08-13T20:32:09.408+09:00  WARN 29256 --- [MySpringBootLab] [Thread-5] o.s.b.f.support.DisposableBeanAdapter    : Invocation of destroy method failed on bean with name 'inMemoryDatabaseShutdownExecutor': org.h2.jdbc.JdbcSQLNonTransientConnectionException: Database is already closed (to disable automatic closing at VM shutdown, add ";DB_CLOSE_ON_EXIT=FALSE" to the db URL) [90121-232]
2025-08-13T20:32:09.409+09:00  INFO 29256 --- [MySpringBootLab] [Thread-5] com.zaxxer.hikari.HikariDataSource       : HikariPool-1 - Shutdown initiated...
2025-08-13T20:32:09.412+09:00  INFO 29256 --- [MySpringBootLab] [Thread-5] com.zaxxer.hikari.HikariDataSource       : HikariPool-1 - Shutdown completed.
2025-08-13T20:32:09.514+09:00  INFO 29256 --- [MySpringBootLab] [restartedMain] c.r.M.MySpringBootLabApplication         : Starting MySpringBootLabApplication using Java 17.0.2 with PID 29256 (C:\mybackend\SpringBoot_practice\MySpringBootLab\MySpringBootLab\target\classes started by winds in C:\mybackend\SpringBoot_practice\MySpringBootLab\MySpringBootLab)
2025-08-13T20:32:09.514+09:00 DEBUG 29256 --- [MySpringBootLab] [restartedMain] c.r.M.MySpringBootLabApplication         : Running with Spring Boot v3.4.8, Spring v6.2.9
2025-08-13T20:32:09.514+09:00  INFO 29256 --- [MySpringBootLab] [restartedMain] c.r.M.MySpringBootLabApplication         : The following 1 profile is active: "test"
2025-08-13T20:32:09.980+09:00  INFO 29256 --- [MySpringBootLab] [restartedMain] .s.d.r.c.RepositoryConfigurationDelegate : Bootstrapping Spring Data JPA repositories in DEFAULT mode.
2025-08-13T20:32:09.985+09:00  INFO 29256 --- [MySpringBootLab] [restartedMain] .s.d.r.c.RepositoryConfigurationDelegate : Finished Spring Data repository scanning in 3 ms. Found 0 JPA repository interfaces.
2025-08-13T20:32:10.097+09:00  INFO 29256 --- [MySpringBootLab] [restartedMain] o.s.b.w.embedded.tomcat.TomcatWebServer  : Tomcat initialized with port 8080 (http)
2025-08-13T20:32:10.098+09:00  INFO 29256 --- [MySpringBootLab] [restartedMain] o.apache.catalina.core.StandardService   : Starting service [Tomcat]
2025-08-13T20:32:10.099+09:00  INFO 29256 --- [MySpringBootLab] [restartedMain] o.apache.catalina.core.StandardEngine    : Starting Servlet engine: [Apache Tomcat/10.1.43]
2025-08-13T20:32:10.136+09:00  INFO 29256 --- [MySpringBootLab] [restartedMain] o.a.c.c.C.[Tomcat].[localhost].[/]       : Initializing Spring embedded WebApplicationContext
2025-08-13T20:32:10.136+09:00  INFO 29256 --- [MySpringBootLab] [restartedMain] w.s.c.ServletWebServerApplicationContext : Root WebApplicationContext: initialization completed in 619 ms
2025-08-13T20:32:10.183+09:00  INFO 29256 --- [MySpringBootLab] [restartedMain] com.zaxxer.hikari.HikariDataSource       : HikariPool-2 - Starting...
2025-08-13T20:32:10.186+09:00  INFO 29256 --- [MySpringBootLab] [restartedMain] com.zaxxer.hikari.pool.HikariPool        : HikariPool-2 - Added connection conn10: url=jdbc:h2:mem:018f8040-a881-4459-bdc5-6e15f902ab7d user=SA
2025-08-13T20:32:10.186+09:00  INFO 29256 --- [MySpringBootLab] [restartedMain] com.zaxxer.hikari.HikariDataSource       : HikariPool-2 - Start completed.
2025-08-13T20:32:10.188+09:00  INFO 29256 --- [MySpringBootLab] [restartedMain] o.hibernate.jpa.internal.util.LogHelper  : HHH000204: Processing PersistenceUnitInfo [name: default]
2025-08-13T20:32:10.194+09:00  INFO 29256 --- [MySpringBootLab] [restartedMain] o.h.c.internal.RegionFactoryInitiator    : HHH000026: Second-level cache disabled
2025-08-13T20:32:10.212+09:00  INFO 29256 --- [MySpringBootLab] [restartedMain] o.s.o.j.p.SpringPersistenceUnitInfo      : No LoadTimeWeaver setup: ignoring JPA class transformer
2025-08-13T20:32:10.214+09:00  INFO 29256 --- [MySpringBootLab] [restartedMain] org.hibernate.orm.connections.pooling    : HHH10001005: Database info:
	Database JDBC URL [Connecting through datasource 'HikariDataSource (HikariPool-2)']
	Database driver: undefined/unknown
	Database version: 2.3.232
	Autocommit mode: undefined/unknown
	Isolation level: undefined/unknown
	Minimum pool size: undefined/unknown
	Maximum pool size: undefined/unknown
2025-08-13T20:32:10.246+09:00  INFO 29256 --- [MySpringBootLab] [restartedMain] o.h.e.t.j.p.i.JtaPlatformInitiator       : HHH000489: No JTA platform available (set 'hibernate.transaction.jta.platform' to enable JTA platform integration)
2025-08-13T20:32:10.246+09:00  INFO 29256 --- [MySpringBootLab] [restartedMain] j.LocalContainerEntityManagerFactoryBean : Initialized JPA EntityManagerFactory for persistence unit 'default'
2025-08-13T20:32:10.285+09:00  WARN 29256 --- [MySpringBootLab] [restartedMain] JpaBaseConfiguration$JpaWebConfiguration : spring.jpa.open-in-view is enabled by default. Therefore, database queries may be performed during view rendering. Explicitly configure spring.jpa.open-in-view to disable this warning
2025-08-13T20:32:10.360+09:00  WARN 29256 --- [MySpringBootLab] [restartedMain] ion$DefaultTemplateResolverConfiguration : Cannot find template location: classpath:/templates/ (please add some templates, check your Thymeleaf configuration, or set spring.thymeleaf.check-template-location=false)
2025-08-13T20:32:10.435+09:00  INFO 29256 --- [MySpringBootLab] [restartedMain] o.s.b.a.h2.H2ConsoleAutoConfiguration    : H2 console available at '/h2-console'. Database available at 'jdbc:h2:mem:018f8040-a881-4459-bdc5-6e15f902ab7d'
2025-08-13T20:32:10.448+09:00  INFO 29256 --- [MySpringBootLab] [restartedMain] o.s.b.d.a.OptionalLiveReloadServer       : LiveReload server is running on port 35729
2025-08-13T20:32:10.452+09:00  INFO 29256 --- [MySpringBootLab] [restartedMain] o.s.b.a.e.web.EndpointLinksResolver      : Exposing 1 endpoint beneath base path '/actuator'
2025-08-13T20:32:10.475+09:00  INFO 29256 --- [MySpringBootLab] [restartedMain] o.s.b.w.embedded.tomcat.TomcatWebServer  : Tomcat started on port 8080 (http) with context path '/'
2025-08-13T20:32:10.483+09:00  INFO 29256 --- [MySpringBootLab] [restartedMain] c.r.M.MySpringBootLabApplication         : Started MySpringBootLabApplication in 1.012 seconds (process running for 37.126)
2025-08-13T20:32:10.484+09:00 DEBUG 29256 --- [MySpringBootLab] [restartedMain] c.r.MySpringBootLab.Runner.MyPropRunner  : 지금 활성화된 MOD bean : ch.qos.logback.classic.Logger
2025-08-13T20:32:10.485+09:00  INFO 29256 --- [MySpringBootLab] [restartedMain] c.r.MySpringBootLab.Runner.MyPropRunner  : properties.getMode = com.rookies4.MySpringBootLab.enviroment.MyEnvironment
2025-08-13T20:32:10.487+09:00  INFO 29256 --- [MySpringBootLab] [restartedMain] .ConditionEvaluationDeltaLoggingListener : Condition evaluation unchanged
2025-08-13T20:32:11.888+09:00  INFO 29256 --- [MySpringBootLab] [File Watcher] rtingClassPathChangeChangedEventListener : Restarting due to 1 class path change (1 addition, 0 deletions, 0 modifications)
2025-08-13T20:32:11.890+09:00  INFO 29256 --- [MySpringBootLab] [Thread-7] o.s.b.w.e.tomcat.GracefulShutdown        : Commencing graceful shutdown. Waiting for active requests to complete
2025-08-13T20:32:12.131+09:00  INFO 29256 --- [MySpringBootLab] [tomcat-shutdown] o.s.b.w.e.tomcat.GracefulShutdown        : Graceful shutdown complete
2025-08-13T20:32:12.133+09:00  INFO 29256 --- [MySpringBootLab] [Thread-7] j.LocalContainerEntityManagerFactoryBean : Closing JPA EntityManagerFactory for persistence unit 'default'
2025-08-13T20:32:12.134+09:00  WARN 29256 --- [MySpringBootLab] [Thread-7] o.s.b.f.support.DisposableBeanAdapter    : Invocation of destroy method failed on bean with name 'inMemoryDatabaseShutdownExecutor': org.h2.jdbc.JdbcSQLNonTransientConnectionException: Database is already closed (to disable automatic closing at VM shutdown, add ";DB_CLOSE_ON_EXIT=FALSE" to the db URL) [90121-232]
2025-08-13T20:32:12.134+09:00  INFO 29256 --- [MySpringBootLab] [Thread-7] com.zaxxer.hikari.HikariDataSource       : HikariPool-2 - Shutdown initiated...
2025-08-13T20:32:12.135+09:00  INFO 29256 --- [MySpringBootLab] [Thread-7] com.zaxxer.hikari.HikariDataSource       : HikariPool-2 - Shutdown completed.
2025-08-13T20:32:12.202+09:00  INFO 29256 --- [MySpringBootLab] [restartedMain] c.r.M.MySpringBootLabApplication         : Starting MySpringBootLabApplication using Java 17.0.2 with PID 29256 (C:\mybackend\SpringBoot_practice\MySpringBootLab\MySpringBootLab\target\classes started by winds in C:\mybackend\SpringBoot_practice\MySpringBootLab\MySpringBootLab)
2025-08-13T20:32:12.202+09:00 DEBUG 29256 --- [MySpringBootLab] [restartedMain] c.r.M.MySpringBootLabApplication         : Running with Spring Boot v3.4.8, Spring v6.2.9
2025-08-13T20:32:12.202+09:00  INFO 29256 --- [MySpringBootLab] [restartedMain] c.r.M.MySpringBootLabApplication         : The following 1 profile is active: "test"
2025-08-13T20:32:12.452+09:00  INFO 29256 --- [MySpringBootLab] [restartedMain] .s.d.r.c.RepositoryConfigurationDelegate : Bootstrapping Spring Data JPA repositories in DEFAULT mode.
2025-08-13T20:32:12.455+09:00  INFO 29256 --- [MySpringBootLab] [restartedMain] .s.d.r.c.RepositoryConfigurationDelegate : Finished Spring Data repository scanning in 2 ms. Found 0 JPA repository interfaces.
2025-08-13T20:32:12.512+09:00  INFO 29256 --- [MySpringBootLab] [restartedMain] o.s.b.w.embedded.tomcat.TomcatWebServer  : Tomcat initialized with port 8080 (http)
2025-08-13T20:32:12.513+09:00  INFO 29256 --- [MySpringBootLab] [restartedMain] o.apache.catalina.core.StandardService   : Starting service [Tomcat]
2025-08-13T20:32:12.514+09:00  INFO 29256 --- [MySpringBootLab] [restartedMain] o.apache.catalina.core.StandardEngine    : Starting Servlet engine: [Apache Tomcat/10.1.43]
2025-08-13T20:32:12.541+09:00  INFO 29256 --- [MySpringBootLab] [restartedMain] o.a.c.c.C.[Tomcat].[localhost].[/]       : Initializing Spring embedded WebApplicationContext
2025-08-13T20:32:12.541+09:00  INFO 29256 --- [MySpringBootLab] [restartedMain] w.s.c.ServletWebServerApplicationContext : Root WebApplicationContext: initialization completed in 337 ms
2025-08-13T20:32:12.582+09:00  INFO 29256 --- [MySpringBootLab] [restartedMain] com.zaxxer.hikari.HikariDataSource       : HikariPool-3 - Starting...
2025-08-13T20:32:12.584+09:00  INFO 29256 --- [MySpringBootLab] [restartedMain] com.zaxxer.hikari.pool.HikariPool        : HikariPool-3 - Added connection conn20: url=jdbc:h2:mem:48d16fab-8816-4ce5-a952-868a9c701571 user=SA
2025-08-13T20:32:12.584+09:00  INFO 29256 --- [MySpringBootLab] [restartedMain] com.zaxxer.hikari.HikariDataSource       : HikariPool-3 - Start completed.
2025-08-13T20:32:12.585+09:00  INFO 29256 --- [MySpringBootLab] [restartedMain] o.hibernate.jpa.internal.util.LogHelper  : HHH000204: Processing PersistenceUnitInfo [name: default]
2025-08-13T20:32:12.588+09:00  INFO 29256 --- [MySpringBootLab] [restartedMain] o.h.c.internal.RegionFactoryInitiator    : HHH000026: Second-level cache disabled
2025-08-13T20:32:12.598+09:00  INFO 29256 --- [MySpringBootLab] [restartedMain] o.s.o.j.p.SpringPersistenceUnitInfo      : No LoadTimeWeaver setup: ignoring JPA class transformer
2025-08-13T20:32:12.599+09:00  INFO 29256 --- [MySpringBootLab] [restartedMain] org.hibernate.orm.connections.pooling    : HHH10001005: Database info:
	Database JDBC URL [Connecting through datasource 'HikariDataSource (HikariPool-3)']
	Database driver: undefined/unknown
	Database version: 2.3.232
	Autocommit mode: undefined/unknown
	Isolation level: undefined/unknown
	Minimum pool size: undefined/unknown
	Maximum pool size: undefined/unknown
2025-08-13T20:32:12.615+09:00  INFO 29256 --- [MySpringBootLab] [restartedMain] o.h.e.t.j.p.i.JtaPlatformInitiator       : HHH000489: No JTA platform available (set 'hibernate.transaction.jta.platform' to enable JTA platform integration)
2025-08-13T20:32:12.615+09:00  INFO 29256 --- [MySpringBootLab] [restartedMain] j.LocalContainerEntityManagerFactoryBean : Initialized JPA EntityManagerFactory for persistence unit 'default'
2025-08-13T20:32:12.630+09:00  WARN 29256 --- [MySpringBootLab] [restartedMain] JpaBaseConfiguration$JpaWebConfiguration : spring.jpa.open-in-view is enabled by default. Therefore, database queries may be performed during view rendering. Explicitly configure spring.jpa.open-in-view to disable this warning
2025-08-13T20:32:12.671+09:00  WARN 29256 --- [MySpringBootLab] [restartedMain] ion$DefaultTemplateResolverConfiguration : Cannot find template location: classpath:/templates/ (please add some templates, check your Thymeleaf configuration, or set spring.thymeleaf.check-template-location=false)
2025-08-13T20:32:12.716+09:00  INFO 29256 --- [MySpringBootLab] [restartedMain] o.s.b.a.h2.H2ConsoleAutoConfiguration    : H2 console available at '/h2-console'. Database available at 'jdbc:h2:mem:48d16fab-8816-4ce5-a952-868a9c701571'
2025-08-13T20:32:12.720+09:00  INFO 29256 --- [MySpringBootLab] [restartedMain] o.s.b.d.a.OptionalLiveReloadServer       : LiveReload server is running on port 35729
2025-08-13T20:32:12.722+09:00  INFO 29256 --- [MySpringBootLab] [restartedMain] o.s.b.a.e.web.EndpointLinksResolver      : Exposing 1 endpoint beneath base path '/actuator'
2025-08-13T20:32:12.736+09:00  INFO 29256 --- [MySpringBootLab] [restartedMain] o.s.b.w.embedded.tomcat.TomcatWebServer  : Tomcat started on port 8080 (http) with context path '/'
2025-08-13T20:32:12.740+09:00  INFO 29256 --- [MySpringBootLab] [restartedMain] c.r.M.MySpringBootLabApplication         : Started MySpringBootLabApplication in 0.566 seconds (process running for 39.383)
2025-08-13T20:32:12.740+09:00 DEBUG 29256 --- [MySpringBootLab] [restartedMain] c.r.MySpringBootLab.Runner.MyPropRunner  : 지금 활성화된 MOD bean : ch.qos.logback.classic.Logger
2025-08-13T20:32:12.741+09:00  INFO 29256 --- [MySpringBootLab] [restartedMain] c.r.MySpringBootLab.Runner.MyPropRunner  : properties.getMode = com.rookies4.MySpringBootLab.enviroment.MyEnvironment
2025-08-13T20:32:12.741+09:00  INFO 29256 --- [MySpringBootLab] [restartedMain] .ConditionEvaluationDeltaLoggingListener : Condition evaluation unchanged
2025-08-13T20:32:55.926+09:00  INFO 29256 --- [MySpringBootLab] [File Watcher] rtingClassPathChangeChangedEventListener : Restarting due to 1 class path change (0 additions, 1 deletion, 0 modifications)
2025-08-13T20:32:55.927+09:00  INFO 29256 --- [MySpringBootLab] [Thread-12] o.s.b.w.e.tomcat.GracefulShutdown        : Commencing graceful shutdown. Waiting for active requests to complete
2025-08-13T20:32:56.186+09:00  INFO 29256 --- [MySpringBootLab] [tomcat-shutdown] o.s.b.w.e.tomcat.GracefulShutdown        : Graceful shutdown complete
2025-08-13T20:32:56.187+09:00  INFO 29256 --- [MySpringBootLab] [Thread-12] j.LocalContainerEntityManagerFactoryBean : Closing JPA EntityManagerFactory for persistence unit 'default'
2025-08-13T20:32:56.188+09:00  WARN 29256 --- [MySpringBootLab] [Thread-12] o.s.b.f.support.DisposableBeanAdapter    : Invocation of destroy method failed on bean with name 'inMemoryDatabaseShutdownExecutor': org.h2.jdbc.JdbcSQLNonTransientConnectionException: Database is already closed (to disable automatic closing at VM shutdown, add ";DB_CLOSE_ON_EXIT=FALSE" to the db URL) [90121-232]
2025-08-13T20:32:56.188+09:00  INFO 29256 --- [MySpringBootLab] [Thread-12] com.zaxxer.hikari.HikariDataSource       : HikariPool-3 - Shutdown initiated...
2025-08-13T20:32:56.189+09:00  INFO 29256 --- [MySpringBootLab] [Thread-12] com.zaxxer.hikari.HikariDataSource       : HikariPool-3 - Shutdown completed.
2025-08-13T20:32:56.258+09:00  INFO 29256 --- [MySpringBootLab] [restartedMain] c.r.M.MySpringBootLabApplication         : Starting MySpringBootLabApplication using Java 17.0.2 with PID 29256 (C:\mybackend\SpringBoot_practice\MySpringBootLab\MySpringBootLab\target\classes started by winds in C:\mybackend\SpringBoot_practice\MySpringBootLab\MySpringBootLab)
2025-08-13T20:32:56.258+09:00 DEBUG 29256 --- [MySpringBootLab] [restartedMain] c.r.M.MySpringBootLabApplication         : Running with Spring Boot v3.4.8, Spring v6.2.9
2025-08-13T20:32:56.258+09:00  INFO 29256 --- [MySpringBootLab] [restartedMain] c.r.M.MySpringBootLabApplication         : The following 1 profile is active: "test"
2025-08-13T20:32:56.499+09:00  INFO 29256 --- [MySpringBootLab] [restartedMain] .s.d.r.c.RepositoryConfigurationDelegate : Bootstrapping Spring Data JPA repositories in DEFAULT mode.
2025-08-13T20:32:56.504+09:00  INFO 29256 --- [MySpringBootLab] [restartedMain] .s.d.r.c.RepositoryConfigurationDelegate : Finished Spring Data repository scanning in 2 ms. Found 0 JPA repository interfaces.
2025-08-13T20:32:56.559+09:00  INFO 29256 --- [MySpringBootLab] [restartedMain] o.s.b.w.embedded.tomcat.TomcatWebServer  : Tomcat initialized with port 8080 (http)
2025-08-13T20:32:56.559+09:00  INFO 29256 --- [MySpringBootLab] [restartedMain] o.apache.catalina.core.StandardService   : Starting service [Tomcat]
2025-08-13T20:32:56.559+09:00  INFO 29256 --- [MySpringBootLab] [restartedMain] o.apache.catalina.core.StandardEngine    : Starting Servlet engine: [Apache Tomcat/10.1.43]
2025-08-13T20:32:56.591+09:00  INFO 29256 --- [MySpringBootLab] [restartedMain] o.a.c.c.C.[Tomcat].[localhost].[/]       : Initializing Spring embedded WebApplicationContext
2025-08-13T20:32:56.591+09:00  INFO 29256 --- [MySpringBootLab] [restartedMain] w.s.c.ServletWebServerApplicationContext : Root WebApplicationContext: initialization completed in 331 ms
2025-08-13T20:32:56.625+09:00  INFO 29256 --- [MySpringBootLab] [restartedMain] com.zaxxer.hikari.HikariDataSource       : HikariPool-4 - Starting...
2025-08-13T20:32:56.627+09:00  INFO 29256 --- [MySpringBootLab] [restartedMain] com.zaxxer.hikari.pool.HikariPool        : HikariPool-4 - Added connection conn30: url=jdbc:h2:mem:e9288b0f-fca2-4b3d-aca8-75de9dd1be16 user=SA
2025-08-13T20:32:56.627+09:00  INFO 29256 --- [MySpringBootLab] [restartedMain] com.zaxxer.hikari.HikariDataSource       : HikariPool-4 - Start completed.
2025-08-13T20:32:56.628+09:00  INFO 29256 --- [MySpringBootLab] [restartedMain] o.hibernate.jpa.internal.util.LogHelper  : HHH000204: Processing PersistenceUnitInfo [name: default]
2025-08-13T20:32:56.632+09:00  INFO 29256 --- [MySpringBootLab] [restartedMain] o.h.c.internal.RegionFactoryInitiator    : HHH000026: Second-level cache disabled
2025-08-13T20:32:56.641+09:00  INFO 29256 --- [MySpringBootLab] [restartedMain] o.s.o.j.p.SpringPersistenceUnitInfo      : No LoadTimeWeaver setup: ignoring JPA class transformer
2025-08-13T20:32:56.644+09:00  INFO 29256 --- [MySpringBootLab] [restartedMain] org.hibernate.orm.connections.pooling    : HHH10001005: Database info:
	Database JDBC URL [Connecting through datasource 'HikariDataSource (HikariPool-4)']
	Database driver: undefined/unknown
	Database version: 2.3.232
	Autocommit mode: undefined/unknown
	Isolation level: undefined/unknown
	Minimum pool size: undefined/unknown
	Maximum pool size: undefined/unknown
2025-08-13T20:32:56.664+09:00  INFO 29256 --- [MySpringBootLab] [restartedMain] o.h.e.t.j.p.i.JtaPlatformInitiator       : HHH000489: No JTA platform available (set 'hibernate.transaction.jta.platform' to enable JTA platform integration)
2025-08-13T20:32:56.665+09:00  INFO 29256 --- [MySpringBootLab] [restartedMain] j.LocalContainerEntityManagerFactoryBean : Initialized JPA EntityManagerFactory for persistence unit 'default'
2025-08-13T20:32:56.679+09:00  WARN 29256 --- [MySpringBootLab] [restartedMain] JpaBaseConfiguration$JpaWebConfiguration : spring.jpa.open-in-view is enabled by default. Therefore, database queries may be performed during view rendering. Explicitly configure spring.jpa.open-in-view to disable this warning
2025-08-13T20:32:56.712+09:00  WARN 29256 --- [MySpringBootLab] [restartedMain] ion$DefaultTemplateResolverConfiguration : Cannot find template location: classpath:/templates/ (please add some templates, check your Thymeleaf configuration, or set spring.thymeleaf.check-template-location=false)
2025-08-13T20:32:56.757+09:00  INFO 29256 --- [MySpringBootLab] [restartedMain] o.s.b.a.h2.H2ConsoleAutoConfiguration    : H2 console available at '/h2-console'. Database available at 'jdbc:h2:mem:e9288b0f-fca2-4b3d-aca8-75de9dd1be16'
2025-08-13T20:32:56.761+09:00  INFO 29256 --- [MySpringBootLab] [restartedMain] o.s.b.d.a.OptionalLiveReloadServer       : LiveReload server is running on port 35729
2025-08-13T20:32:56.762+09:00  INFO 29256 --- [MySpringBootLab] [restartedMain] o.s.b.a.e.web.EndpointLinksResolver      : Exposing 1 endpoint beneath base path '/actuator'
2025-08-13T20:32:56.773+09:00  INFO 29256 --- [MySpringBootLab] [restartedMain] o.s.b.w.embedded.tomcat.TomcatWebServer  : Tomcat started on port 8080 (http) with context path '/'
2025-08-13T20:32:56.776+09:00  INFO 29256 --- [MySpringBootLab] [restartedMain] c.r.M.MySpringBootLabApplication         : Started MySpringBootLabApplication in 0.544 seconds (process running for 83.42)
2025-08-13T20:32:56.777+09:00  INFO 29256 --- [MySpringBootLab] [restartedMain] c.r.MySpringBootLab.Runner.MyPropRunner  : properties.getMode = com.rookies4.MySpringBootLab.enviroment.MyEnvironment
2025-08-13T20:32:56.777+09:00  INFO 29256 --- [MySpringBootLab] [restartedMain] .ConditionEvaluationDeltaLoggingListener : Condition evaluation unchanged
2025-08-13T20:32:58.207+09:00  INFO 29256 --- [MySpringBootLab] [File Watcher] rtingClassPathChangeChangedEventListener : Restarting due to 1 class path change (1 addition, 0 deletions, 0 modifications)
2025-08-13T20:32:58.208+09:00  INFO 29256 --- [MySpringBootLab] [Thread-16] o.s.b.w.e.tomcat.GracefulShutdown        : Commencing graceful shutdown. Waiting for active requests to complete
2025-08-13T20:32:58.448+09:00  INFO 29256 --- [MySpringBootLab] [tomcat-shutdown] o.s.b.w.e.tomcat.GracefulShutdown        : Graceful shutdown complete
2025-08-13T20:32:58.449+09:00  INFO 29256 --- [MySpringBootLab] [Thread-16] j.LocalContainerEntityManagerFactoryBean : Closing JPA EntityManagerFactory for persistence unit 'default'
2025-08-13T20:32:58.450+09:00  WARN 29256 --- [MySpringBootLab] [Thread-16] o.s.b.f.support.DisposableBeanAdapter    : Invocation of destroy method failed on bean with name 'inMemoryDatabaseShutdownExecutor': org.h2.jdbc.JdbcSQLNonTransientConnectionException: Database is already closed (to disable automatic closing at VM shutdown, add ";DB_CLOSE_ON_EXIT=FALSE" to the db URL) [90121-232]
2025-08-13T20:32:58.451+09:00  INFO 29256 --- [MySpringBootLab] [Thread-16] com.zaxxer.hikari.HikariDataSource       : HikariPool-4 - Shutdown initiated...
2025-08-13T20:32:58.451+09:00  INFO 29256 --- [MySpringBootLab] [Thread-16] com.zaxxer.hikari.HikariDataSource       : HikariPool-4 - Shutdown completed.
2025-08-13T20:32:58.516+09:00  INFO 29256 --- [MySpringBootLab] [restartedMain] c.r.M.MySpringBootLabApplication         : Starting MySpringBootLabApplication using Java 17.0.2 with PID 29256 (C:\mybackend\SpringBoot_practice\MySpringBootLab\MySpringBootLab\target\classes started by winds in C:\mybackend\SpringBoot_practice\MySpringBootLab\MySpringBootLab)
2025-08-13T20:32:58.516+09:00 DEBUG 29256 --- [MySpringBootLab] [restartedMain] c.r.M.MySpringBootLabApplication         : Running with Spring Boot v3.4.8, Spring v6.2.9
2025-08-13T20:32:58.516+09:00  INFO 29256 --- [MySpringBootLab] [restartedMain] c.r.M.MySpringBootLabApplication         : The following 1 profile is active: "test"
2025-08-13T20:32:58.738+09:00  INFO 29256 --- [MySpringBootLab] [restartedMain] .s.d.r.c.RepositoryConfigurationDelegate : Bootstrapping Spring Data JPA repositories in DEFAULT mode.
2025-08-13T20:32:58.742+09:00  INFO 29256 --- [MySpringBootLab] [restartedMain] .s.d.r.c.RepositoryConfigurationDelegate : Finished Spring Data repository scanning in 2 ms. Found 0 JPA repository interfaces.
2025-08-13T20:32:58.795+09:00  INFO 29256 --- [MySpringBootLab] [restartedMain] o.s.b.w.embedded.tomcat.TomcatWebServer  : Tomcat initialized with port 8080 (http)
2025-08-13T20:32:58.796+09:00  INFO 29256 --- [MySpringBootLab] [restartedMain] o.apache.catalina.core.StandardService   : Starting service [Tomcat]
2025-08-13T20:32:58.796+09:00  INFO 29256 --- [MySpringBootLab] [restartedMain] o.apache.catalina.core.StandardEngine    : Starting Servlet engine: [Apache Tomcat/10.1.43]
2025-08-13T20:32:58.825+09:00  INFO 29256 --- [MySpringBootLab] [restartedMain] o.a.c.c.C.[Tomcat].[localhost].[/]       : Initializing Spring embedded WebApplicationContext
2025-08-13T20:32:58.825+09:00  INFO 29256 --- [MySpringBootLab] [restartedMain] w.s.c.ServletWebServerApplicationContext : Root WebApplicationContext: initialization completed in 308 ms
2025-08-13T20:32:58.854+09:00  INFO 29256 --- [MySpringBootLab] [restartedMain] com.zaxxer.hikari.HikariDataSource       : HikariPool-5 - Starting...
2025-08-13T20:32:58.856+09:00  INFO 29256 --- [MySpringBootLab] [restartedMain] com.zaxxer.hikari.pool.HikariPool        : HikariPool-5 - Added connection conn40: url=jdbc:h2:mem:0da08fc9-a0ce-460d-9169-954f51f6be27 user=SA
2025-08-13T20:32:58.856+09:00  INFO 29256 --- [MySpringBootLab] [restartedMain] com.zaxxer.hikari.HikariDataSource       : HikariPool-5 - Start completed.
2025-08-13T20:32:58.857+09:00  INFO 29256 --- [MySpringBootLab] [restartedMain] o.hibernate.jpa.internal.util.LogHelper  : HHH000204: Processing PersistenceUnitInfo [name: default]
2025-08-13T20:32:58.861+09:00  INFO 29256 --- [MySpringBootLab] [restartedMain] o.h.c.internal.RegionFactoryInitiator    : HHH000026: Second-level cache disabled
2025-08-13T20:32:58.869+09:00  INFO 29256 --- [MySpringBootLab] [restartedMain] o.s.o.j.p.SpringPersistenceUnitInfo      : No LoadTimeWeaver setup: ignoring JPA class transformer
2025-08-13T20:32:58.870+09:00  INFO 29256 --- [MySpringBootLab] [restartedMain] org.hibernate.orm.connections.pooling    : HHH10001005: Database info:
	Database JDBC URL [Connecting through datasource 'HikariDataSource (HikariPool-5)']
	Database driver: undefined/unknown
	Database version: 2.3.232
	Autocommit mode: undefined/unknown
	Isolation level: undefined/unknown
	Minimum pool size: undefined/unknown
	Maximum pool size: undefined/unknown
2025-08-13T20:32:58.886+09:00  INFO 29256 --- [MySpringBootLab] [restartedMain] o.h.e.t.j.p.i.JtaPlatformInitiator       : HHH000489: No JTA platform available (set 'hibernate.transaction.jta.platform' to enable JTA platform integration)
2025-08-13T20:32:58.886+09:00  INFO 29256 --- [MySpringBootLab] [restartedMain] j.LocalContainerEntityManagerFactoryBean : Initialized JPA EntityManagerFactory for persistence unit 'default'
2025-08-13T20:32:58.901+09:00  WARN 29256 --- [MySpringBootLab] [restartedMain] JpaBaseConfiguration$JpaWebConfiguration : spring.jpa.open-in-view is enabled by default. Therefore, database queries may be performed during view rendering. Explicitly configure spring.jpa.open-in-view to disable this warning
2025-08-13T20:32:58.936+09:00  WARN 29256 --- [MySpringBootLab] [restartedMain] ion$DefaultTemplateResolverConfiguration : Cannot find template location: classpath:/templates/ (please add some templates, check your Thymeleaf configuration, or set spring.thymeleaf.check-template-location=false)
2025-08-13T20:32:58.974+09:00  INFO 29256 --- [MySpringBootLab] [restartedMain] o.s.b.a.h2.H2ConsoleAutoConfiguration    : H2 console available at '/h2-console'. Database available at 'jdbc:h2:mem:0da08fc9-a0ce-460d-9169-954f51f6be27'
2025-08-13T20:32:58.979+09:00  INFO 29256 --- [MySpringBootLab] [restartedMain] o.s.b.d.a.OptionalLiveReloadServer       : LiveReload server is running on port 35729
2025-08-13T20:32:58.981+09:00  INFO 29256 --- [MySpringBootLab] [restartedMain] o.s.b.a.e.web.EndpointLinksResolver      : Exposing 1 endpoint beneath base path '/actuator'
2025-08-13T20:32:58.993+09:00  INFO 29256 --- [MySpringBootLab] [restartedMain] o.s.b.w.embedded.tomcat.TomcatWebServer  : Tomcat started on port 8080 (http) with context path '/'
2025-08-13T20:32:58.997+09:00  INFO 29256 --- [MySpringBootLab] [restartedMain] c.r.M.MySpringBootLabApplication         : Started MySpringBootLabApplication in 0.505 seconds (process running for 85.64)
2025-08-13T20:32:58.997+09:00  INFO 29256 --- [MySpringBootLab] [restartedMain] c.r.MySpringBootLab.Runner.MyPropRunner  : properties.getMode = com.rookies4.MySpringBootLab.enviroment.MyEnvironment
2025-08-13T20:32:58.998+09:00  INFO 29256 --- [MySpringBootLab] [restartedMain] .ConditionEvaluationDeltaLoggingListener : Condition evaluation unchanged
2025-08-13T20:33:21.230+09:00  INFO 29256 --- [MySpringBootLab] [SpringApplicationShutdownHook] o.s.b.w.e.tomcat.GracefulShutdown        : Commencing graceful shutdown. Waiting for active requests to complete
2025-08-13T20:33:21.471+09:00  INFO 29256 --- [MySpringBootLab] [tomcat-shutdown] o.s.b.w.e.tomcat.GracefulShutdown        : Graceful shutdown complete
2025-08-13T20:33:21.472+09:00  INFO 29256 --- [MySpringBootLab] [SpringApplicationShutdownHook] j.LocalContainerEntityManagerFactoryBean : Closing JPA EntityManagerFactory for persistence unit 'default'
2025-08-13T20:33:21.473+09:00  WARN 29256 --- [MySpringBootLab] [SpringApplicationShutdownHook] o.s.b.f.support.DisposableBeanAdapter    : Invocation of destroy method failed on bean with name 'inMemoryDatabaseShutdownExecutor': org.h2.jdbc.JdbcSQLNonTransientConnectionException: Database is already closed (to disable automatic closing at VM shutdown, add ";DB_CLOSE_ON_EXIT=FALSE" to the db URL) [90121-232]
2025-08-13T20:33:21.473+09:00  INFO 29256 --- [MySpringBootLab] [SpringApplicationShutdownHook] com.zaxxer.hikari.HikariDataSource       : HikariPool-5 - Shutdown initiated...
2025-08-13T20:33:21.473+09:00  INFO 29256 --- [MySpringBootLab] [SpringApplicationShutdownHook] com.zaxxer.hikari.HikariDataSource       : HikariPool-5 - Shutdown completed.
2025-08-13T20:33:23.106+09:00  INFO 1876 --- [MySpringBootLab] [restartedMain] c.r.M.MySpringBootLabApplication         : Starting MySpringBootLabApplication using Java 17.0.2 with PID 1876 (C:\mybackend\SpringBoot_practice\MySpringBootLab\MySpringBootLab\target\classes started by winds in C:\mybackend\SpringBoot_practice\MySpringBootLab\MySpringBootLab)
2025-08-13T20:33:23.108+09:00 DEBUG 1876 --- [MySpringBootLab] [restartedMain] c.r.M.MySpringBootLabApplication         : Running with Spring Boot v3.4.8, Spring v6.2.9
2025-08-13T20:33:23.109+09:00  INFO 1876 --- [MySpringBootLab] [restartedMain] c.r.M.MySpringBootLabApplication         : The following 1 profile is active: "test"
2025-08-13T20:33:23.184+09:00  INFO 1876 --- [MySpringBootLab] [restartedMain] .e.DevToolsPropertyDefaultsPostProcessor : Devtools property defaults active! Set 'spring.devtools.add-properties' to 'false' to disable
2025-08-13T20:33:23.184+09:00  INFO 1876 --- [MySpringBootLab] [restartedMain] .e.DevToolsPropertyDefaultsPostProcessor : For additional web related logging consider setting the 'logging.level.web' property to 'DEBUG'
2025-08-13T20:33:24.303+09:00  INFO 1876 --- [MySpringBootLab] [restartedMain] .s.d.r.c.RepositoryConfigurationDelegate : Bootstrapping Spring Data JPA repositories in DEFAULT mode.
2025-08-13T20:33:24.329+09:00  INFO 1876 --- [MySpringBootLab] [restartedMain] .s.d.r.c.RepositoryConfigurationDelegate : Finished Spring Data repository scanning in 13 ms. Found 0 JPA repository interfaces.
2025-08-13T20:33:25.176+09:00  INFO 1876 --- [MySpringBootLab] [restartedMain] o.s.b.w.embedded.tomcat.TomcatWebServer  : Tomcat initialized with port 8080 (http)
2025-08-13T20:33:25.191+09:00  INFO 1876 --- [MySpringBootLab] [restartedMain] o.apache.catalina.core.StandardService   : Starting service [Tomcat]
2025-08-13T20:33:25.192+09:00  INFO 1876 --- [MySpringBootLab] [restartedMain] o.apache.catalina.core.StandardEngine    : Starting Servlet engine: [Apache Tomcat/10.1.43]
2025-08-13T20:33:25.251+09:00  INFO 1876 --- [MySpringBootLab] [restartedMain] o.a.c.c.C.[Tomcat].[localhost].[/]       : Initializing Spring embedded WebApplicationContext
2025-08-13T20:33:25.252+09:00  INFO 1876 --- [MySpringBootLab] [restartedMain] w.s.c.ServletWebServerApplicationContext : Root WebApplicationContext: initialization completed in 2066 ms
2025-08-13T20:33:25.652+09:00  INFO 1876 --- [MySpringBootLab] [restartedMain] com.zaxxer.hikari.HikariDataSource       : HikariPool-1 - Starting...
2025-08-13T20:33:25.882+09:00  INFO 1876 --- [MySpringBootLab] [restartedMain] com.zaxxer.hikari.pool.HikariPool        : HikariPool-1 - Added connection conn0: url=jdbc:h2:mem:f836d7b8-5d6e-49e1-bfad-0964e3aae2fe user=SA
2025-08-13T20:33:25.885+09:00  INFO 1876 --- [MySpringBootLab] [restartedMain] com.zaxxer.hikari.HikariDataSource       : HikariPool-1 - Start completed.
2025-08-13T20:33:25.924+09:00  INFO 1876 --- [MySpringBootLab] [restartedMain] o.hibernate.jpa.internal.util.LogHelper  : HHH000204: Processing PersistenceUnitInfo [name: default]
2025-08-13T20:33:25.988+09:00  INFO 1876 --- [MySpringBootLab] [restartedMain] org.hibernate.Version                    : HHH000412: Hibernate ORM core version 6.6.22.Final
2025-08-13T20:33:26.058+09:00  INFO 1876 --- [MySpringBootLab] [restartedMain] o.h.c.internal.RegionFactoryInitiator    : HHH000026: Second-level cache disabled
2025-08-13T20:33:26.348+09:00  INFO 1876 --- [MySpringBootLab] [restartedMain] o.s.o.j.p.SpringPersistenceUnitInfo      : No LoadTimeWeaver setup: ignoring JPA class transformer
2025-08-13T20:33:26.425+09:00  INFO 1876 --- [MySpringBootLab] [restartedMain] org.hibernate.orm.connections.pooling    : HHH10001005: Database info:
	Database JDBC URL [Connecting through datasource 'HikariDataSource (HikariPool-1)']
	Database driver: undefined/unknown
	Database version: 2.3.232
	Autocommit mode: undefined/unknown
	Isolation level: undefined/unknown
	Minimum pool size: undefined/unknown
	Maximum pool size: undefined/unknown
2025-08-13T20:33:26.690+09:00  INFO 1876 --- [MySpringBootLab] [restartedMain] o.h.e.t.j.p.i.JtaPlatformInitiator       : HHH000489: No JTA platform available (set 'hibernate.transaction.jta.platform' to enable JTA platform integration)
2025-08-13T20:33:26.695+09:00  INFO 1876 --- [MySpringBootLab] [restartedMain] j.LocalContainerEntityManagerFactoryBean : Initialized JPA EntityManagerFactory for persistence unit 'default'
2025-08-13T20:33:26.743+09:00  WARN 1876 --- [MySpringBootLab] [restartedMain] JpaBaseConfiguration$JpaWebConfiguration : spring.jpa.open-in-view is enabled by default. Therefore, database queries may be performed during view rendering. Explicitly configure spring.jpa.open-in-view to disable this warning
2025-08-13T20:33:27.180+09:00  WARN 1876 --- [MySpringBootLab] [restartedMain] ion$DefaultTemplateResolverConfiguration : Cannot find template location: classpath:/templates/ (please add some templates, check your Thymeleaf configuration, or set spring.thymeleaf.check-template-location=false)
2025-08-13T20:33:27.694+09:00  INFO 1876 --- [MySpringBootLab] [restartedMain] o.s.b.a.h2.H2ConsoleAutoConfiguration    : H2 console available at '/h2-console'. Database available at 'jdbc:h2:mem:f836d7b8-5d6e-49e1-bfad-0964e3aae2fe'
2025-08-13T20:33:27.758+09:00  INFO 1876 --- [MySpringBootLab] [restartedMain] o.s.b.d.a.OptionalLiveReloadServer       : LiveReload server is running on port 35729
2025-08-13T20:33:27.769+09:00  INFO 1876 --- [MySpringBootLab] [restartedMain] o.s.b.a.e.web.EndpointLinksResolver      : Exposing 1 endpoint beneath base path '/actuator'
2025-08-13T20:33:27.928+09:00  INFO 1876 --- [MySpringBootLab] [restartedMain] o.s.b.w.embedded.tomcat.TomcatWebServer  : Tomcat started on port 8080 (http) with context path '/'
2025-08-13T20:33:27.947+09:00  INFO 1876 --- [MySpringBootLab] [restartedMain] c.r.M.MySpringBootLabApplication         : Started MySpringBootLabApplication in 5.327 seconds (process running for 5.822)
2025-08-13T20:33:28.010+09:00  INFO 1876 --- [MySpringBootLab] [restartedMain] c.r.MySpringBootLab.Runner.MyPropRunner  : properties.getMode = com.rookies4.MySpringBootLab.enviroment.MyEnvironment
2025-08-13T20:34:40.287+09:00  INFO 1876 --- [MySpringBootLab] [SpringApplicationShutdownHook] o.s.b.w.e.tomcat.GracefulShutdown        : Commencing graceful shutdown. Waiting for active requests to complete
2025-08-13T20:34:40.528+09:00  INFO 1876 --- [MySpringBootLab] [tomcat-shutdown] o.s.b.w.e.tomcat.GracefulShutdown        : Graceful shutdown complete
2025-08-13T20:34:40.534+09:00  INFO 1876 --- [MySpringBootLab] [SpringApplicationShutdownHook] j.LocalContainerEntityManagerFactoryBean : Closing JPA EntityManagerFactory for persistence unit 'default'
2025-08-13T20:34:40.543+09:00  WARN 1876 --- [MySpringBootLab] [SpringApplicationShutdownHook] o.s.b.f.support.DisposableBeanAdapter    : Invocation of destroy method failed on bean with name 'inMemoryDatabaseShutdownExecutor': org.h2.jdbc.JdbcSQLNonTransientConnectionException: Database is already closed (to disable automatic closing at VM shutdown, add ";DB_CLOSE_ON_EXIT=FALSE" to the db URL) [90121-232]
2025-08-13T20:34:40.544+09:00  INFO 1876 --- [MySpringBootLab] [SpringApplicationShutdownHook] com.zaxxer.hikari.HikariDataSource       : HikariPool-1 - Shutdown initiated...
2025-08-13T20:34:40.546+09:00  INFO 1876 --- [MySpringBootLab] [SpringApplicationShutdownHook] com.zaxxer.hikari.HikariDataSource       : HikariPool-1 - Shutdown completed.
2025-08-13T20:34:43.751+09:00  INFO 1432 --- [MySpringBootLab] [restartedMain] c.r.M.MySpringBootLabApplication         : Starting MySpringBootLabApplication using Java 17.0.2 with PID 1432 (C:\mybackend\SpringBoot_practice\MySpringBootLab\MySpringBootLab\target\classes started by winds in C:\mybackend\SpringBoot_practice\MySpringBootLab\MySpringBootLab)
2025-08-13T20:34:43.753+09:00 DEBUG 1432 --- [MySpringBootLab] [restartedMain] c.r.M.MySpringBootLabApplication         : Running with Spring Boot v3.4.8, Spring v6.2.9
2025-08-13T20:34:43.754+09:00  INFO 1432 --- [MySpringBootLab] [restartedMain] c.r.M.MySpringBootLabApplication         : The following 1 profile is active: "test"
2025-08-13T20:34:43.812+09:00  INFO 1432 --- [MySpringBootLab] [restartedMain] .e.DevToolsPropertyDefaultsPostProcessor : Devtools property defaults active! Set 'spring.devtools.add-properties' to 'false' to disable
2025-08-13T20:34:43.813+09:00  INFO 1432 --- [MySpringBootLab] [restartedMain] .e.DevToolsPropertyDefaultsPostProcessor : For additional web related logging consider setting the 'logging.level.web' property to 'DEBUG'
2025-08-13T20:34:44.905+09:00  INFO 1432 --- [MySpringBootLab] [restartedMain] .s.d.r.c.RepositoryConfigurationDelegate : Bootstrapping Spring Data JPA repositories in DEFAULT mode.
2025-08-13T20:34:44.928+09:00  INFO 1432 --- [MySpringBootLab] [restartedMain] .s.d.r.c.RepositoryConfigurationDelegate : Finished Spring Data repository scanning in 13 ms. Found 0 JPA repository interfaces.
2025-08-13T20:34:45.599+09:00  INFO 1432 --- [MySpringBootLab] [restartedMain] o.s.b.w.embedded.tomcat.TomcatWebServer  : Tomcat initialized with port 8080 (http)
2025-08-13T20:34:45.617+09:00  INFO 1432 --- [MySpringBootLab] [restartedMain] o.apache.catalina.core.StandardService   : Starting service [Tomcat]
2025-08-13T20:34:45.618+09:00  INFO 1432 --- [MySpringBootLab] [restartedMain] o.apache.catalina.core.StandardEngine    : Starting Servlet engine: [Apache Tomcat/10.1.43]
2025-08-13T20:34:45.684+09:00  INFO 1432 --- [MySpringBootLab] [restartedMain] o.a.c.c.C.[Tomcat].[localhost].[/]       : Initializing Spring embedded WebApplicationContext
2025-08-13T20:34:45.688+09:00  INFO 1432 --- [MySpringBootLab] [restartedMain] w.s.c.ServletWebServerApplicationContext : Root WebApplicationContext: initialization completed in 1875 ms
2025-08-13T20:34:46.036+09:00  INFO 1432 --- [MySpringBootLab] [restartedMain] com.zaxxer.hikari.HikariDataSource       : HikariPool-1 - Starting...
2025-08-13T20:34:46.293+09:00  INFO 1432 --- [MySpringBootLab] [restartedMain] com.zaxxer.hikari.pool.HikariPool        : HikariPool-1 - Added connection conn0: url=jdbc:h2:mem:401c1352-3031-4d67-9b40-f7e333c44280 user=SA
2025-08-13T20:34:46.295+09:00  INFO 1432 --- [MySpringBootLab] [restartedMain] com.zaxxer.hikari.HikariDataSource       : HikariPool-1 - Start completed.
2025-08-13T20:34:46.343+09:00  INFO 1432 --- [MySpringBootLab] [restartedMain] o.hibernate.jpa.internal.util.LogHelper  : HHH000204: Processing PersistenceUnitInfo [name: default]
2025-08-13T20:34:46.398+09:00  INFO 1432 --- [MySpringBootLab] [restartedMain] org.hibernate.Version                    : HHH000412: Hibernate ORM core version 6.6.22.Final
2025-08-13T20:34:46.442+09:00  INFO 1432 --- [MySpringBootLab] [restartedMain] o.h.c.internal.RegionFactoryInitiator    : HHH000026: Second-level cache disabled
2025-08-13T20:34:46.721+09:00  INFO 1432 --- [MySpringBootLab] [restartedMain] o.s.o.j.p.SpringPersistenceUnitInfo      : No LoadTimeWeaver setup: ignoring JPA class transformer
2025-08-13T20:34:46.795+09:00  INFO 1432 --- [MySpringBootLab] [restartedMain] org.hibernate.orm.connections.pooling    : HHH10001005: Database info:
	Database JDBC URL [Connecting through datasource 'HikariDataSource (HikariPool-1)']
	Database driver: undefined/unknown
	Database version: 2.3.232
	Autocommit mode: undefined/unknown
	Isolation level: undefined/unknown
	Minimum pool size: undefined/unknown
	Maximum pool size: undefined/unknown
2025-08-13T20:34:47.054+09:00  INFO 1432 --- [MySpringBootLab] [restartedMain] o.h.e.t.j.p.i.JtaPlatformInitiator       : HHH000489: No JTA platform available (set 'hibernate.transaction.jta.platform' to enable JTA platform integration)
2025-08-13T20:34:47.058+09:00  INFO 1432 --- [MySpringBootLab] [restartedMain] j.LocalContainerEntityManagerFactoryBean : Initialized JPA EntityManagerFactory for persistence unit 'default'
2025-08-13T20:34:47.111+09:00  WARN 1432 --- [MySpringBootLab] [restartedMain] JpaBaseConfiguration$JpaWebConfiguration : spring.jpa.open-in-view is enabled by default. Therefore, database queries may be performed during view rendering. Explicitly configure spring.jpa.open-in-view to disable this warning
2025-08-13T20:34:47.643+09:00  WARN 1432 --- [MySpringBootLab] [restartedMain] ion$DefaultTemplateResolverConfiguration : Cannot find template location: classpath:/templates/ (please add some templates, check your Thymeleaf configuration, or set spring.thymeleaf.check-template-location=false)
2025-08-13T20:34:48.206+09:00  INFO 1432 --- [MySpringBootLab] [restartedMain] o.s.b.a.h2.H2ConsoleAutoConfiguration    : H2 console available at '/h2-console'. Database available at 'jdbc:h2:mem:401c1352-3031-4d67-9b40-f7e333c44280'
2025-08-13T20:34:48.277+09:00  INFO 1432 --- [MySpringBootLab] [restartedMain] o.s.b.d.a.OptionalLiveReloadServer       : LiveReload server is running on port 35729
2025-08-13T20:34:48.289+09:00  INFO 1432 --- [MySpringBootLab] [restartedMain] o.s.b.a.e.web.EndpointLinksResolver      : Exposing 1 endpoint beneath base path '/actuator'
2025-08-13T20:34:48.437+09:00  INFO 1432 --- [MySpringBootLab] [restartedMain] o.s.b.w.embedded.tomcat.TomcatWebServer  : Tomcat started on port 8080 (http) with context path '/'
2025-08-13T20:34:48.452+09:00  INFO 1432 --- [MySpringBootLab] [restartedMain] c.r.M.MySpringBootLabApplication         : Started MySpringBootLabApplication in 5.207 seconds (process running for 5.704)
2025-08-13T20:34:48.475+09:00  INFO 1432 --- [MySpringBootLab] [restartedMain] c.r.MySpringBootLab.Runner.MyPropRunner  : "myEnvironment.getClass().getName() = com.rookies4.MySpringBootLab.enviroment.MyEnvironment
2025-08-13T20:35:16.088+09:00  INFO 1432 --- [MySpringBootLab] [SpringApplicationShutdownHook] o.s.b.w.e.tomcat.GracefulShutdown        : Commencing graceful shutdown. Waiting for active requests to complete
2025-08-13T20:35:16.336+09:00  INFO 1432 --- [MySpringBootLab] [tomcat-shutdown] o.s.b.w.e.tomcat.GracefulShutdown        : Graceful shutdown complete
2025-08-13T20:35:16.340+09:00  INFO 1432 --- [MySpringBootLab] [SpringApplicationShutdownHook] j.LocalContainerEntityManagerFactoryBean : Closing JPA EntityManagerFactory for persistence unit 'default'
2025-08-13T20:35:16.345+09:00  WARN 1432 --- [MySpringBootLab] [SpringApplicationShutdownHook] o.s.b.f.support.DisposableBeanAdapter    : Invocation of destroy method failed on bean with name 'inMemoryDatabaseShutdownExecutor': org.h2.jdbc.JdbcSQLNonTransientConnectionException: Database is already closed (to disable automatic closing at VM shutdown, add ";DB_CLOSE_ON_EXIT=FALSE" to the db URL) [90121-232]
2025-08-13T20:35:16.346+09:00  INFO 1432 --- [MySpringBootLab] [SpringApplicationShutdownHook] com.zaxxer.hikari.HikariDataSource       : HikariPool-1 - Shutdown initiated...
2025-08-13T20:35:16.347+09:00  INFO 1432 --- [MySpringBootLab] [SpringApplicationShutdownHook] com.zaxxer.hikari.HikariDataSource       : HikariPool-1 - Shutdown completed.
2025-08-13T20:35:19.543+09:00  INFO 22612 --- [MySpringBootLab] [restartedMain] c.r.M.MySpringBootLabApplication         : Starting MySpringBootLabApplication using Java 17.0.2 with PID 22612 (C:\mybackend\SpringBoot_practice\MySpringBootLab\MySpringBootLab\target\classes started by winds in C:\mybackend\SpringBoot_practice\MySpringBootLab\MySpringBootLab)
2025-08-13T20:35:19.546+09:00 DEBUG 22612 --- [MySpringBootLab] [restartedMain] c.r.M.MySpringBootLabApplication         : Running with Spring Boot v3.4.8, Spring v6.2.9
2025-08-13T20:35:19.547+09:00  INFO 22612 --- [MySpringBootLab] [restartedMain] c.r.M.MySpringBootLabApplication         : The following 1 profile is active: "test"
2025-08-13T20:35:19.609+09:00  INFO 22612 --- [MySpringBootLab] [restartedMain] .e.DevToolsPropertyDefaultsPostProcessor : Devtools property defaults active! Set 'spring.devtools.add-properties' to 'false' to disable
2025-08-13T20:35:19.609+09:00  INFO 22612 --- [MySpringBootLab] [restartedMain] .e.DevToolsPropertyDefaultsPostProcessor : For additional web related logging consider setting the 'logging.level.web' property to 'DEBUG'
2025-08-13T20:35:20.614+09:00  INFO 22612 --- [MySpringBootLab] [restartedMain] .s.d.r.c.RepositoryConfigurationDelegate : Bootstrapping Spring Data JPA repositories in DEFAULT mode.
2025-08-13T20:35:20.634+09:00  INFO 22612 --- [MySpringBootLab] [restartedMain] .s.d.r.c.RepositoryConfigurationDelegate : Finished Spring Data repository scanning in 12 ms. Found 0 JPA repository interfaces.
2025-08-13T20:35:21.305+09:00  INFO 22612 --- [MySpringBootLab] [restartedMain] o.s.b.w.embedded.tomcat.TomcatWebServer  : Tomcat initialized with port 8080 (http)
2025-08-13T20:35:21.328+09:00  INFO 22612 --- [MySpringBootLab] [restartedMain] o.apache.catalina.core.StandardService   : Starting service [Tomcat]
2025-08-13T20:35:21.328+09:00  INFO 22612 --- [MySpringBootLab] [restartedMain] o.apache.catalina.core.StandardEngine    : Starting Servlet engine: [Apache Tomcat/10.1.43]
2025-08-13T20:35:21.394+09:00  INFO 22612 --- [MySpringBootLab] [restartedMain] o.a.c.c.C.[Tomcat].[localhost].[/]       : Initializing Spring embedded WebApplicationContext
2025-08-13T20:35:21.395+09:00  INFO 22612 --- [MySpringBootLab] [restartedMain] w.s.c.ServletWebServerApplicationContext : Root WebApplicationContext: initialization completed in 1785 ms
2025-08-13T20:35:21.761+09:00  INFO 22612 --- [MySpringBootLab] [restartedMain] com.zaxxer.hikari.HikariDataSource       : HikariPool-1 - Starting...
2025-08-13T20:35:22.048+09:00  INFO 22612 --- [MySpringBootLab] [restartedMain] com.zaxxer.hikari.pool.HikariPool        : HikariPool-1 - Added connection conn0: url=jdbc:h2:mem:868b13d5-18ca-4d21-a9ab-a0d310ebbd1c user=SA
2025-08-13T20:35:22.050+09:00  INFO 22612 --- [MySpringBootLab] [restartedMain] com.zaxxer.hikari.HikariDataSource       : HikariPool-1 - Start completed.
2025-08-13T20:35:22.099+09:00  INFO 22612 --- [MySpringBootLab] [restartedMain] o.hibernate.jpa.internal.util.LogHelper  : HHH000204: Processing PersistenceUnitInfo [name: default]
2025-08-13T20:35:22.165+09:00  INFO 22612 --- [MySpringBootLab] [restartedMain] org.hibernate.Version                    : HHH000412: Hibernate ORM core version 6.6.22.Final
2025-08-13T20:35:22.201+09:00  INFO 22612 --- [MySpringBootLab] [restartedMain] o.h.c.internal.RegionFactoryInitiator    : HHH000026: Second-level cache disabled
2025-08-13T20:35:22.483+09:00  INFO 22612 --- [MySpringBootLab] [restartedMain] o.s.o.j.p.SpringPersistenceUnitInfo      : No LoadTimeWeaver setup: ignoring JPA class transformer
2025-08-13T20:35:22.556+09:00  INFO 22612 --- [MySpringBootLab] [restartedMain] org.hibernate.orm.connections.pooling    : HHH10001005: Database info:
	Database JDBC URL [Connecting through datasource 'HikariDataSource (HikariPool-1)']
	Database driver: undefined/unknown
	Database version: 2.3.232
	Autocommit mode: undefined/unknown
	Isolation level: undefined/unknown
	Minimum pool size: undefined/unknown
	Maximum pool size: undefined/unknown
2025-08-13T20:35:22.825+09:00  INFO 22612 --- [MySpringBootLab] [restartedMain] o.h.e.t.j.p.i.JtaPlatformInitiator       : HHH000489: No JTA platform available (set 'hibernate.transaction.jta.platform' to enable JTA platform integration)
2025-08-13T20:35:22.829+09:00  INFO 22612 --- [MySpringBootLab] [restartedMain] j.LocalContainerEntityManagerFactoryBean : Initialized JPA EntityManagerFactory for persistence unit 'default'
2025-08-13T20:35:22.894+09:00  WARN 22612 --- [MySpringBootLab] [restartedMain] JpaBaseConfiguration$JpaWebConfiguration : spring.jpa.open-in-view is enabled by default. Therefore, database queries may be performed during view rendering. Explicitly configure spring.jpa.open-in-view to disable this warning
2025-08-13T20:35:23.435+09:00  WARN 22612 --- [MySpringBootLab] [restartedMain] ion$DefaultTemplateResolverConfiguration : Cannot find template location: classpath:/templates/ (please add some templates, check your Thymeleaf configuration, or set spring.thymeleaf.check-template-location=false)
2025-08-13T20:35:23.962+09:00  INFO 22612 --- [MySpringBootLab] [restartedMain] o.s.b.a.h2.H2ConsoleAutoConfiguration    : H2 console available at '/h2-console'. Database available at 'jdbc:h2:mem:868b13d5-18ca-4d21-a9ab-a0d310ebbd1c'
2025-08-13T20:35:24.031+09:00  INFO 22612 --- [MySpringBootLab] [restartedMain] o.s.b.d.a.OptionalLiveReloadServer       : LiveReload server is running on port 35729
2025-08-13T20:35:24.041+09:00  INFO 22612 --- [MySpringBootLab] [restartedMain] o.s.b.a.e.web.EndpointLinksResolver      : Exposing 1 endpoint beneath base path '/actuator'
2025-08-13T20:35:24.198+09:00  INFO 22612 --- [MySpringBootLab] [restartedMain] o.s.b.w.embedded.tomcat.TomcatWebServer  : Tomcat started on port 8080 (http) with context path '/'
2025-08-13T20:35:24.218+09:00  INFO 22612 --- [MySpringBootLab] [restartedMain] c.r.M.MySpringBootLabApplication         : Started MySpringBootLabApplication in 5.204 seconds (process running for 5.734)
2025-08-13T20:35:24.238+09:00  INFO 22612 --- [MySpringBootLab] [restartedMain] c.r.MySpringBootLab.Runner.MyPropRunner  : "myEnvironment.getClass().getName() = com.rookies4.MySpringBootLab.enviroment.MyEnvironment
2025-08-13T20:35:44.794+09:00  INFO 22612 --- [MySpringBootLab] [File Watcher] rtingClassPathChangeChangedEventListener : Restarting due to 1 class path change (0 additions, 0 deletions, 1 modification)
2025-08-13T20:35:44.797+09:00  INFO 22612 --- [MySpringBootLab] [Thread-5] o.s.b.w.e.tomcat.GracefulShutdown        : Commencing graceful shutdown. Waiting for active requests to complete
2025-08-13T20:35:45.040+09:00  INFO 22612 --- [MySpringBootLab] [tomcat-shutdown] o.s.b.w.e.tomcat.GracefulShutdown        : Graceful shutdown complete
2025-08-13T20:35:45.044+09:00  INFO 22612 --- [MySpringBootLab] [Thread-5] j.LocalContainerEntityManagerFactoryBean : Closing JPA EntityManagerFactory for persistence unit 'default'
2025-08-13T20:35:45.049+09:00  WARN 22612 --- [MySpringBootLab] [Thread-5] o.s.b.f.support.DisposableBeanAdapter    : Invocation of destroy method failed on bean with name 'inMemoryDatabaseShutdownExecutor': org.h2.jdbc.JdbcSQLNonTransientConnectionException: Database is already closed (to disable automatic closing at VM shutdown, add ";DB_CLOSE_ON_EXIT=FALSE" to the db URL) [90121-232]
2025-08-13T20:35:45.049+09:00  INFO 22612 --- [MySpringBootLab] [Thread-5] com.zaxxer.hikari.HikariDataSource       : HikariPool-1 - Shutdown initiated...
2025-08-13T20:35:45.051+09:00  INFO 22612 --- [MySpringBootLab] [Thread-5] com.zaxxer.hikari.HikariDataSource       : HikariPool-1 - Shutdown completed.
2025-08-13T20:35:45.115+09:00  INFO 22612 --- [MySpringBootLab] [restartedMain] c.r.M.MySpringBootLabApplication         : Starting MySpringBootLabApplication using Java 17.0.2 with PID 22612 (C:\mybackend\SpringBoot_practice\MySpringBootLab\MySpringBootLab\target\classes started by winds in C:\mybackend\SpringBoot_practice\MySpringBootLab\MySpringBootLab)
2025-08-13T20:35:45.116+09:00  INFO 22612 --- [MySpringBootLab] [restartedMain] c.r.M.MySpringBootLabApplication         : The following 1 profile is active: "prod"
2025-08-13T20:35:45.429+09:00  INFO 22612 --- [MySpringBootLab] [restartedMain] .s.d.r.c.RepositoryConfigurationDelegate : Bootstrapping Spring Data JPA repositories in DEFAULT mode.
2025-08-13T20:35:45.433+09:00  INFO 22612 --- [MySpringBootLab] [restartedMain] .s.d.r.c.RepositoryConfigurationDelegate : Finished Spring Data repository scanning in 3 ms. Found 0 JPA repository interfaces.
2025-08-13T20:35:45.520+09:00  INFO 22612 --- [MySpringBootLab] [restartedMain] o.s.b.w.embedded.tomcat.TomcatWebServer  : Tomcat initialized with port 8080 (http)
2025-08-13T20:35:45.521+09:00  INFO 22612 --- [MySpringBootLab] [restartedMain] o.apache.catalina.core.StandardService   : Starting service [Tomcat]
2025-08-13T20:35:45.521+09:00  INFO 22612 --- [MySpringBootLab] [restartedMain] o.apache.catalina.core.StandardEngine    : Starting Servlet engine: [Apache Tomcat/10.1.43]
2025-08-13T20:35:45.556+09:00  INFO 22612 --- [MySpringBootLab] [restartedMain] o.a.c.c.C.[Tomcat].[localhost].[/]       : Initializing Spring embedded WebApplicationContext
2025-08-13T20:35:45.556+09:00  INFO 22612 --- [MySpringBootLab] [restartedMain] w.s.c.ServletWebServerApplicationContext : Root WebApplicationContext: initialization completed in 439 ms
2025-08-13T20:35:45.597+09:00  INFO 22612 --- [MySpringBootLab] [restartedMain] com.zaxxer.hikari.HikariDataSource       : HikariPool-2 - Starting...
2025-08-13T20:35:45.599+09:00  INFO 22612 --- [MySpringBootLab] [restartedMain] com.zaxxer.hikari.pool.HikariPool        : HikariPool-2 - Added connection conn10: url=jdbc:h2:mem:62a1ef64-c7b6-45f0-a350-b320878ae2f7 user=SA
2025-08-13T20:35:45.599+09:00  INFO 22612 --- [MySpringBootLab] [restartedMain] com.zaxxer.hikari.HikariDataSource       : HikariPool-2 - Start completed.
2025-08-13T20:35:45.601+09:00  INFO 22612 --- [MySpringBootLab] [restartedMain] o.hibernate.jpa.internal.util.LogHelper  : HHH000204: Processing PersistenceUnitInfo [name: default]
2025-08-13T20:35:45.605+09:00  INFO 22612 --- [MySpringBootLab] [restartedMain] o.h.c.internal.RegionFactoryInitiator    : HHH000026: Second-level cache disabled
2025-08-13T20:35:45.620+09:00  INFO 22612 --- [MySpringBootLab] [restartedMain] o.s.o.j.p.SpringPersistenceUnitInfo      : No LoadTimeWeaver setup: ignoring JPA class transformer
2025-08-13T20:35:45.622+09:00  INFO 22612 --- [MySpringBootLab] [restartedMain] org.hibernate.orm.connections.pooling    : HHH10001005: Database info:
	Database JDBC URL [Connecting through datasource 'HikariDataSource (HikariPool-2)']
	Database driver: undefined/unknown
	Database version: 2.3.232
	Autocommit mode: undefined/unknown
	Isolation level: undefined/unknown
	Minimum pool size: undefined/unknown
	Maximum pool size: undefined/unknown
2025-08-13T20:35:45.643+09:00  INFO 22612 --- [MySpringBootLab] [restartedMain] o.h.e.t.j.p.i.JtaPlatformInitiator       : HHH000489: No JTA platform available (set 'hibernate.transaction.jta.platform' to enable JTA platform integration)
2025-08-13T20:35:45.643+09:00  INFO 22612 --- [MySpringBootLab] [restartedMain] j.LocalContainerEntityManagerFactoryBean : Initialized JPA EntityManagerFactory for persistence unit 'default'
2025-08-13T20:35:45.669+09:00  WARN 22612 --- [MySpringBootLab] [restartedMain] JpaBaseConfiguration$JpaWebConfiguration : spring.jpa.open-in-view is enabled by default. Therefore, database queries may be performed during view rendering. Explicitly configure spring.jpa.open-in-view to disable this warning
2025-08-13T20:35:45.732+09:00  WARN 22612 --- [MySpringBootLab] [restartedMain] ion$DefaultTemplateResolverConfiguration : Cannot find template location: classpath:/templates/ (please add some templates, check your Thymeleaf configuration, or set spring.thymeleaf.check-template-location=false)
2025-08-13T20:35:45.789+09:00  INFO 22612 --- [MySpringBootLab] [restartedMain] o.s.b.a.h2.H2ConsoleAutoConfiguration    : H2 console available at '/h2-console'. Database available at 'jdbc:h2:mem:62a1ef64-c7b6-45f0-a350-b320878ae2f7'
2025-08-13T20:35:45.794+09:00  INFO 22612 --- [MySpringBootLab] [restartedMain] o.s.b.d.a.OptionalLiveReloadServer       : LiveReload server is running on port 35729
2025-08-13T20:35:45.797+09:00  INFO 22612 --- [MySpringBootLab] [restartedMain] o.s.b.a.e.web.EndpointLinksResolver      : Exposing 1 endpoint beneath base path '/actuator'
2025-08-13T20:35:45.812+09:00  INFO 22612 --- [MySpringBootLab] [restartedMain] o.s.b.w.embedded.tomcat.TomcatWebServer  : Tomcat started on port 8080 (http) with context path '/'
2025-08-13T20:35:45.819+09:00  INFO 22612 --- [MySpringBootLab] [restartedMain] c.r.M.MySpringBootLabApplication         : Started MySpringBootLabApplication in 0.736 seconds (process running for 27.336)
2025-08-13T20:35:45.820+09:00  INFO 22612 --- [MySpringBootLab] [restartedMain] c.r.MySpringBootLab.Runner.MyPropRunner  : "myEnvironment.getClass().getName() = com.rookies4.MySpringBootLab.enviroment.MyEnvironment
2025-08-13T20:35:45.823+09:00  INFO 22612 --- [MySpringBootLab] [restartedMain] .ConditionEvaluationDeltaLoggingListener : Condition evaluation unchanged
