2025-08-13T13:39:28.629+09:00  INFO 30688 --- [restartedMain] c.r.M.MySpringBootLabApplication         : Starting MySpringBootLabApplication using Java 17.0.2 with PID 30688 (C:\mybackend\SpringBoot_practice\MySpringBootLab2\MySpringBootLab\target\classes started by winds in C:\mybackend\SpringBoot_practice\MySpringBootLab2\MySpringBootLab)
2025-08-13T13:39:28.632+09:00 DEBUG 30688 --- [restartedMain] c.r.M.MySpringBootLabApplication         : Running with Spring Boot v3.4.8, Spring v6.2.9
2025-08-13T13:39:28.633+09:00  INFO 30688 --- [restartedMain] c.r.M.MySpringBootLabApplication         : No active profile set, falling back to 1 default profile: "default"
2025-08-13T13:39:28.689+09:00  INFO 30688 --- [restartedMain] .e.DevToolsPropertyDefaultsPostProcessor : Devtools property defaults active! Set 'spring.devtools.add-properties' to 'false' to disable
2025-08-13T13:39:28.691+09:00  INFO 30688 --- [restartedMain] .e.DevToolsPropertyDefaultsPostProcessor : For additional web related logging consider setting the 'logging.level.web' property to 'DEBUG'
2025-08-13T13:39:29.790+09:00  INFO 30688 --- [restartedMain] .s.d.r.c.RepositoryConfigurationDelegate : Bootstrapping Spring Data JPA repositories in DEFAULT mode.
2025-08-13T13:39:29.826+09:00  INFO 30688 --- [restartedMain] .s.d.r.c.RepositoryConfigurationDelegate : Finished Spring Data repository scanning in 21 ms. Found 0 JPA repository interfaces.
2025-08-13T13:39:30.635+09:00  INFO 30688 --- [restartedMain] o.s.b.w.embedded.tomcat.TomcatWebServer  : Tomcat initialized with port 8080 (http)
2025-08-13T13:39:30.658+09:00  INFO 30688 --- [restartedMain] o.apache.catalina.core.StandardService   : Starting service [Tomcat]
2025-08-13T13:39:30.659+09:00  INFO 30688 --- [restartedMain] o.apache.catalina.core.StandardEngine    : Starting Servlet engine: [Apache Tomcat/10.1.43]
2025-08-13T13:39:30.733+09:00  INFO 30688 --- [restartedMain] o.a.c.c.C.[Tomcat].[localhost].[/]       : Initializing Spring embedded WebApplicationContext
2025-08-13T13:39:30.734+09:00  INFO 30688 --- [restartedMain] w.s.c.ServletWebServerApplicationContext : Root WebApplicationContext: initialization completed in 2042 ms
2025-08-13T13:39:31.099+09:00  INFO 30688 --- [restartedMain] com.zaxxer.hikari.HikariDataSource       : HikariPool-1 - Starting...
2025-08-13T13:39:31.398+09:00  INFO 30688 --- [restartedMain] com.zaxxer.hikari.pool.HikariPool        : HikariPool-1 - Added connection conn0: url=jdbc:h2:mem:432fabbe-8043-4b25-92e6-e67425eaa5e7 user=SA
2025-08-13T13:39:31.401+09:00  INFO 30688 --- [restartedMain] com.zaxxer.hikari.HikariDataSource       : HikariPool-1 - Start completed.
2025-08-13T13:39:31.486+09:00  INFO 30688 --- [restartedMain] o.hibernate.jpa.internal.util.LogHelper  : HHH000204: Processing PersistenceUnitInfo [name: default]
2025-08-13T13:39:31.588+09:00  INFO 30688 --- [restartedMain] org.hibernate.Version                    : HHH000412: Hibernate ORM core version 6.6.22.Final
2025-08-13T13:39:31.658+09:00  INFO 30688 --- [restartedMain] o.h.c.internal.RegionFactoryInitiator    : HHH000026: Second-level cache disabled
2025-08-13T13:39:32.027+09:00  INFO 30688 --- [restartedMain] o.s.o.j.p.SpringPersistenceUnitInfo      : No LoadTimeWeaver setup: ignoring JPA class transformer
2025-08-13T13:39:32.119+09:00  INFO 30688 --- [restartedMain] org.hibernate.orm.connections.pooling    : HHH10001005: Database info:
	Database JDBC URL [Connecting through datasource 'HikariDataSource (HikariPool-1)']
	Database driver: undefined/unknown
	Database version: 2.3.232
	Autocommit mode: undefined/unknown
	Isolation level: undefined/unknown
	Minimum pool size: undefined/unknown
	Maximum pool size: undefined/unknown
2025-08-13T13:39:32.436+09:00  INFO 30688 --- [restartedMain] o.h.e.t.j.p.i.JtaPlatformInitiator       : HHH000489: No JTA platform available (set 'hibernate.transaction.jta.platform' to enable JTA platform integration)
2025-08-13T13:39:32.440+09:00  INFO 30688 --- [restartedMain] j.LocalContainerEntityManagerFactoryBean : Initialized JPA EntityManagerFactory for persistence unit 'default'
2025-08-13T13:39:32.497+09:00  WARN 30688 --- [restartedMain] JpaBaseConfiguration$JpaWebConfiguration : spring.jpa.open-in-view is enabled by default. Therefore, database queries may be performed during view rendering. Explicitly configure spring.jpa.open-in-view to disable this warning
2025-08-13T13:39:32.937+09:00  WARN 30688 --- [restartedMain] ion$DefaultTemplateResolverConfiguration : Cannot find template location: classpath:/templates/ (please add some templates, check your Thymeleaf configuration, or set spring.thymeleaf.check-template-location=false)
2025-08-13T13:39:33.364+09:00  INFO 30688 --- [restartedMain] o.s.b.a.h2.H2ConsoleAutoConfiguration    : H2 console available at '/h2-console'. Database available at 'jdbc:h2:mem:432fabbe-8043-4b25-92e6-e67425eaa5e7'
2025-08-13T13:39:33.415+09:00  INFO 30688 --- [restartedMain] o.s.b.d.a.OptionalLiveReloadServer       : LiveReload server is running on port 35729
2025-08-13T13:39:33.425+09:00  INFO 30688 --- [restartedMain] o.s.b.a.e.web.EndpointLinksResolver      : Exposing 1 endpoint beneath base path '/actuator'
2025-08-13T13:39:33.558+09:00  INFO 30688 --- [restartedMain] o.s.b.w.embedded.tomcat.TomcatWebServer  : Tomcat started on port 8080 (http) with context path '/'
2025-08-13T13:39:33.577+09:00  INFO 30688 --- [restartedMain] c.r.M.MySpringBootLabApplication         : Started MySpringBootLabApplication in 5.458 seconds (process running for 5.957)
2025-08-13T13:39:33.660+09:00  INFO 30688 --- [restartedMain] c.r.MySpringBootLab.runner.MyPropRunner  : --- RUNNER 시작 ---
2025-08-13T13:39:33.660+09:00 DEBUG 30688 --- [restartedMain] c.r.MySpringBootLab.runner.MyPropRunner  : Username= springboot
2025-08-13T13:39:33.660+09:00 DEBUG 30688 --- [restartedMain] c.r.MySpringBootLab.runner.MyPropRunner  : Port= 10
2025-08-13T13:39:33.660+09:00  INFO 30688 --- [restartedMain] c.r.MySpringBootLab.runner.MyPropRunner  : --- RUNNER종료 ---
